#
# There is insufficient memory for the Java Runtime Environment to continue.
# Native memory allocation (mmap) failed to map 72351744 bytes for committing reserved memory.
# Possible reasons:
#   The system is out of physical RAM or swap space
#   The process is running with CompressedOops enabled, and the Java Heap may be blocking the growth of the native heap
# Possible solutions:
#   Reduce memory load on the system
#   Increase physical memory or swap space
#   Check if swap backing store is full
#   Decrease Java heap size (-Xmx/-Xms)
#   Decrease number of Java threads
#   Decrease Java thread stack sizes (-Xss)
#   Set larger code cache with -XX:ReservedCodeCacheSize=
#   JVM is running with Unscaled Compressed Oops mode in which the Java heap is
#     placed in the first 4GB address space. The Java Heap base address is the
#     maximum limit for the native heap growth. Please use -XX:HeapBaseMinAddress
#     to set the Java Heap base and to place the Java Heap above 4GB virtual address.
# This output file may be truncated or incomplete.
#
#  Out of Memory Error (os_linux.cpp:2647), pid=9046, tid=9060
#
# JRE version: OpenJDK Runtime Environment (9.0+11) (build 9.0.4+11)
# Java VM: OpenJDK 64-Bit Server VM (9.0.4+11, mixed mode, tiered, compressed oops, g1 gc, linux-amd64)
# Core dump will be written. Default location: Core dumps may be processed with "/usr/lib/systemd/systemd-coredump %P %u %g %s %t %c %e" (or dumping to /root/git/SDD_Dungeon_Crawl-3/core.9046)
#

---------------  S U M M A R Y ------------

Command Line: -Dfile.encoding=ANSI_X3.4-1968 controller.Main

Host: Intel(R) Celeron(R) CPU  N2840  @ 2.16GHz, 2 cores, 3G, Arch Linux
Time: Sat Mar 10 16:25:48 2018 UTC elapsed time: 2186 seconds (0d 0h 36m 26s)

---------------  T H R E A D  ---------------

Current thread (0x00007f93740de000):  VMThread "VM Thread" [stack: 0x00007f9358785000,0x00007f9358885000] [id=9060]

Stack: [0x00007f9358785000,0x00007f9358885000],  sp=0x00007f9358883060,  free space=1016k
Native frames: (J=compiled Java code, A=aot compiled Java code, j=interpreted, Vv=VM code, C=native code)
V  [libjvm.so+0xd32f50]
V  [libjvm.so+0xd33aeb]
V  [libjvm.so+0x6479c3]
V  [libjvm.so+0xb3a01c]
V  [libjvm.so+0xb3420d]
V  [libjvm.so+0x7517ed]
V  [libjvm.so+0x751a5e]
V  [libjvm.so+0x7548f1]
V  [libjvm.so+0x7de3ee]
V  [libjvm.so+0x7df14e]
V  [libjvm.so+0x7df5e9]
V  [libjvm.so+0x711341]
V  [libjvm.so+0x7185da]
V  [libjvm.so+0xd44a81]
V  [libjvm.so+0xd43919]
V  [libjvm.so+0xd40ceb]
V  [libjvm.so+0xd42310]
V  [libjvm.so+0xd426fe]
V  [libjvm.so+0xb40fea]

VM_Operation (0x00007f9316e4a5a0): G1IncCollectionPause, mode: safepoint, requested by thread 0x00007f9374442800


---------------  P R O C E S S  ---------------

Java Threads: ( => current thread )
  0x00007f9348109800 JavaThread "Direct Clip" daemon [_thread_blocked, id=9116, stack(0x00007f930fae6000,0x00007f930fbe7000)]
  0x00007f93480aa800 JavaThread "Direct Clip" daemon [_thread_blocked, id=9113, stack(0x00007f930fbe7000,0x00007f930fce8000)]
  0x00007f93480fb000 JavaThread "Direct Clip" daemon [_thread_blocked, id=9109, stack(0x00007f93104e9000,0x00007f93105ea000)]
  0x00007f93480f2000 JavaThread "Direct Clip" daemon [_thread_blocked, id=9106, stack(0x00007f9310deb000,0x00007f9310eec000)]
  0x00007f93480e9000 JavaThread "Direct Clip" daemon [_thread_blocked, id=9103, stack(0x00007f93116ed000,0x00007f93117ee000)]
  0x00007f9348140000 JavaThread "Direct Clip" daemon [_thread_blocked, id=9100, stack(0x00007f9311fef000,0x00007f93120f0000)]
  0x00007f93480da000 JavaThread "Direct Clip" daemon [_thread_blocked, id=9097, stack(0x00007f93128f1000,0x00007f93129f2000)]
  0x00007f93480e1000 JavaThread "Direct Clip" daemon [_thread_blocked, id=9094, stack(0x00007f93131f3000,0x00007f93132f4000)]
  0x00007f93480d4800 JavaThread "Java Sound Event Dispatcher" daemon [_thread_blocked, id=9092, stack(0x00007f93173c3000,0x00007f93174c4000)]
  0x00007f9374011000 JavaThread "DestroyJavaVM" [_thread_blocked, id=9050, stack(0x00007f937beee000,0x00007f937bfed000)]
  0x00007f9374427800 JavaThread "Thread-0" [_thread_blocked, id=9083, stack(0x00007f93160e7000,0x00007f93161e8000)]
  0x00007f9374442800 JavaThread "AWT-EventQueue-0" [_thread_blocked, id=9082, stack(0x00007f9316d4e000,0x00007f9316e4f000)]
  0x00007f9374440800 JavaThread "AWT-Shutdown" [_thread_blocked, id=9081, stack(0x00007f9316e4f000,0x00007f9316f50000)]
  0x00007f93742f1000 JavaThread "AWT-XAWT" daemon [_thread_blocked, id=9079, stack(0x00007f93176c4000,0x00007f93177c5000)]
  0x00007f93742ed800 JavaThread "Java2D Disposer" daemon [_thread_blocked, id=9078, stack(0x00007f93177c5000,0x00007f93178c6000)]
  0x00007f937418d000 JavaThread "Service Thread" daemon [_thread_blocked, id=9068, stack(0x00007f9339ad5000,0x00007f9339bd6000)]
  0x00007f937412c000 JavaThread "Common-Cleaner" daemon [_thread_blocked, id=9067, stack(0x00007f935807c000,0x00007f935817d000)]
  0x00007f9374118000 JavaThread "Sweeper thread" daemon [_thread_blocked, id=9066, stack(0x00007f935817d000,0x00007f935827e000)]
  0x00007f9374116000 JavaThread "C1 CompilerThread1" daemon [_thread_blocked, id=9065, stack(0x00007f935827e000,0x00007f935837f000)]
  0x00007f9374114000 JavaThread "C2 CompilerThread0" daemon [_thread_blocked, id=9064, stack(0x00007f935837f000,0x00007f9358480000)]
  0x00007f9374112000 JavaThread "Signal Dispatcher" daemon [_thread_blocked, id=9063, stack(0x00007f9358480000,0x00007f9358581000)]
  0x00007f93740fc800 JavaThread "Finalizer" daemon [_thread_blocked, id=9062, stack(0x00007f9358581000,0x00007f9358682000)]
  0x00007f93740e8000 JavaThread "Reference Handler" daemon [_thread_blocked, id=9061, stack(0x00007f9358682000,0x00007f9358783000)]

Other Threads:
=>0x00007f93740de000 VMThread "VM Thread" [stack: 0x00007f9358785000,0x00007f9358885000] [id=9060]
  0x00007f937418f800 WatcherThread [stack: 0x00007f93399d5000,0x00007f9339ad5000] [id=9069]
  0x00007f9374026000 GCTaskThread "GC Thread#0" [stack: 0x00007f9378710000,0x00007f9378810000] [id=9052]
  0x00007f9374027800 GCTaskThread "GC Thread#1" [stack: 0x00007f937860e000,0x00007f937870e000] [id=9053]
  0x00007f9374041800 ConcurrentGCThread "G1 Main Marker" [stack: 0x00007f9378004000,0x00007f9378104000] [id=9057]
  0x00007f9374043800 ConcurrentGCThread "G1 Marker#0" [stack: 0x00007f935935a000,0x00007f935945a000] [id=9059]
  0x00007f937402b000 ConcurrentGCThread "G1 Refine#0" [stack: 0x00007f9378208000,0x00007f9378308000] [id=9055]
  0x00007f9374029000 ConcurrentGCThread "G1 Refine#1" [stack: 0x00007f937830a000,0x00007f937840a000] [id=9054]
  0x00007f937402c800 ConcurrentGCThread "G1 Young RemSet Sampling" [stack: 0x00007f9378106000,0x00007f9378206000] [id=9056]

Threads with active compile tasks:

VM state:at safepoint (normal execution)

VM Mutex/Monitor currently owned by a thread:  ([mutex/lock_event])
[0x00007f937400df10] Threads_lock - owner thread: 0x00007f93740de000
[0x00007f937400e4b0] Heap_lock - owner thread: 0x00007f9374442800

Heap address: 0x00000000c3800000, size: 968 MB, Compressed Oops mode: 32-bit
Narrow klass base: 0x0000000000000000, Narrow klass shift: 3
Compressed class space size: 1073741824 Address: 0x0000000100000000

Heap:
 garbage-first heap   total 162816K, used 39192K [0x00000000c3800000, 0x00000000c39004f8, 0x0000000100000000)
  region size 1024K, 1 young (1024K), 1 survivors (1024K)
 Metaspace       used 17934K, capacity 19238K, committed 19456K, reserved 1067008K
  class space    used 1719K, capacity 1969K, committed 2048K, reserved 1048576K
Heap Regions: E=young(eden), S=young(survivor), O=old, HS=humongous(starts), HC=humongous(continues), CS=collection set, F=free, A=archive, TS=gc time stamp, AC=allocation context, TAMS=top-at-mark-start (previous, next)
|   0|0x00000000c3800000, 0x00000000c3900000, 0x00000000c3900000|100%| O|  |TS  3|AC  0|TAMS 0x00000000c3800000, 0x00000000c3800000|
|   1|0x00000000c3900000, 0x00000000c3a00000, 0x00000000c3a00000|100%|HS|  |TS  0|AC  0|TAMS 0x00000000c3900000, 0x00000000c3900000|
|   2|0x00000000c3a00000, 0x00000000c3b00000, 0x00000000c3b00000|100%| O|  |TS 33|AC  0|TAMS 0x00000000c3a00000, 0x00000000c3a00000|
|   3|0x00000000c3b00000, 0x00000000c3c00000, 0x00000000c3c00000|100%|HS|  |TS  0|AC  0|TAMS 0x00000000c3b00000, 0x00000000c3b00000|
|   4|0x00000000c3c00000, 0x00000000c3d00000, 0x00000000c3d00000|100%|HC|  |TS  0|AC  0|TAMS 0x00000000c3c00000, 0x00000000c3c00000|
|   5|0x00000000c3d00000, 0x00000000c3e00000, 0x00000000c3e00000|100%|HC|  |TS  0|AC  0|TAMS 0x00000000c3d00000, 0x00000000c3d00000|
|   6|0x00000000c3e00000, 0x00000000c3f00000, 0x00000000c3f00000|100%|HC|  |TS  0|AC  0|TAMS 0x00000000c3e00000, 0x00000000c3e00000|
|   7|0x00000000c3f00000, 0x00000000c4000000, 0x00000000c4000000|100%|HS|  |TS  0|AC  0|TAMS 0x00000000c3f00000, 0x00000000c3f00000|
|   8|0x00000000c4000000, 0x00000000c4100000, 0x00000000c4100000|100%|HC|  |TS  0|AC  0|TAMS 0x00000000c4000000, 0x00000000c4000000|
|   9|0x00000000c4100000, 0x00000000c4200000, 0x00000000c4200000|100%| O|  |TS 35|AC  0|TAMS 0x00000000c4100000, 0x00000000c4100000|
|  10|0x00000000c4200000, 0x00000000c4300000, 0x00000000c4300000|100%| O|  |TS 45|AC  0|TAMS 0x00000000c4200000, 0x00000000c4200000|
|  11|0x00000000c4300000, 0x00000000c4400000, 0x00000000c4400000|100%| O|  |TS 83|AC  0|TAMS 0x00000000c4300000, 0x00000000c4300000|
|  12|0x00000000c4400000, 0x00000000c4500000, 0x00000000c4500000|100%| O|  |TS135|AC  0|TAMS 0x00000000c4400000, 0x00000000c4400000|
|  13|0x00000000c4500000, 0x00000000c4600000, 0x00000000c4600000|100%| O|  |TS221|AC  0|TAMS 0x00000000c4500000, 0x00000000c4500000|
|  14|0x00000000c4600000, 0x00000000c4700000, 0x00000000c4700000|100%| O|  |TS337|AC  0|TAMS 0x00000000c4600000, 0x00000000c4600000|
|  15|0x00000000c4700000, 0x00000000c4800000, 0x00000000c4800000|100%| O|  |TS483|AC  0|TAMS 0x00000000c4700000, 0x00000000c4700000|
|  16|0x00000000c4800000, 0x00000000c4900000, 0x00000000c4900000|100%| O|  |TS649|AC  0|TAMS 0x00000000c4800000, 0x00000000c4800000|
|  17|0x00000000c4900000, 0x00000000c4a00000, 0x00000000c4a00000|100%| O|  |TS839|AC  0|TAMS 0x00000000c4900000, 0x00000000c4900000|
|  18|0x00000000c4a00000, 0x00000000c4b00000, 0x00000000c4b00000|100%| O|  |TS1055|AC  0|TAMS 0x00000000c4a00000, 0x00000000c4a00000|
|  19|0x00000000c4b00000, 0x00000000c4c00000, 0x00000000c4c00000|100%| O|  |TS1299|AC  0|TAMS 0x00000000c4b00000, 0x00000000c4b00000|
|  20|0x00000000c4c00000, 0x00000000c4d00000, 0x00000000c4d00000|100%| O|  |TS1573|AC  0|TAMS 0x00000000c4c00000, 0x00000000c4c00000|
|  21|0x00000000c4d00000, 0x00000000c4e00000, 0x00000000c4e00000|100%| O|  |TS1877|AC  0|TAMS 0x00000000c4d00000, 0x00000000c4d00000|
|  22|0x00000000c4e00000, 0x00000000c4f00000, 0x00000000c4f00000|100%| O|  |TS2207|AC  0|TAMS 0x00000000c4e00000, 0x00000000c4e00000|
|  23|0x00000000c4f00000, 0x00000000c5000000, 0x00000000c5000000|100%| O|  |TS2581|AC  0|TAMS 0x00000000c4f00000, 0x00000000c4f00000|
|  24|0x00000000c5000000, 0x00000000c5100000, 0x00000000c5100000|100%| O|  |TS2995|AC  0|TAMS 0x00000000c5000000, 0x00000000c5000000|
|  25|0x00000000c5100000, 0x00000000c5200000, 0x00000000c5200000|100%| O|  |TS3447|AC  0|TAMS 0x00000000c5100000, 0x00000000c5100000|
|  26|0x00000000c5200000, 0x00000000c5300000, 0x00000000c5300000|100%| O|  |TS3943|AC  0|TAMS 0x00000000c5200000, 0x00000000c5200000|
|  27|0x00000000c5300000, 0x00000000c5400000, 0x00000000c5400000|100%| O|  |TS4497|AC  0|TAMS 0x00000000c5300000, 0x00000000c5300000|
|  28|0x00000000c5400000, 0x00000000c5500000, 0x00000000c5500000|100%| O|  |TS5099|AC  0|TAMS 0x00000000c5400000, 0x00000000c5400000|
|  29|0x00000000c5500000, 0x00000000c5600000, 0x00000000c5600000|100%| O|  |TS5755|AC  0|TAMS 0x00000000c5500000, 0x00000000c5500000|
|  30|0x00000000c5600000, 0x00000000c5700000, 0x00000000c5700000|100%| O|  |TS6449|AC  0|TAMS 0x00000000c5600000, 0x00000000c5600000|
|  31|0x00000000c5700000, 0x00000000c5800000, 0x00000000c5800000|100%| O|  |TS7175|AC  0|TAMS 0x00000000c5700000, 0x00000000c5700000|
|  32|0x00000000c5800000, 0x00000000c5900000, 0x00000000c5900000|100%| O|  |TS7923|AC  0|TAMS 0x00000000c5800000, 0x00000000c5800000|
|  33|0x00000000c5900000, 0x00000000c5a00000, 0x00000000c5a00000|100%| O|  |TS8529|AC  0|TAMS 0x00000000c5900000, 0x00000000c5900000|
|  34|0x00000000c5a00000, 0x00000000c5b00000, 0x00000000c5b00000|100%| O|  |TS9179|AC  0|TAMS 0x00000000c5a00000, 0x00000000c5a00000|
|  35|0x00000000c5b00000, 0x00000000c5c00000, 0x00000000c5c00000|100%| O|  |TS9885|AC  0|TAMS 0x00000000c5b00000, 0x00000000c5b00000|
|  36|0x00000000c5c00000, 0x00000000c5d00000, 0x00000000c5d00000|100%| O|  |TS10623|AC  0|TAMS 0x00000000c5c00000, 0x00000000c5c00000|
|  37|0x00000000c5d00000, 0x00000000c5e00000, 0x00000000c5e00000|100%| O|  |TS11381|AC  0|TAMS 0x00000000c5d00000, 0x00000000c5d00000|
|  38|0x00000000c5e00000, 0x00000000c5e2b600, 0x00000000c5f00000| 16%| O|  |TS11511|AC  0|TAMS 0x00000000c5e00000, 0x00000000c5e00000|
|  39|0x00000000c5f00000, 0x00000000c5f00000, 0x00000000c6000000|  0%| F|  |TS6449|AC  0|TAMS 0x00000000c5f00000, 0x00000000c5f00000|
|  40|0x00000000c6000000, 0x00000000c6000000, 0x00000000c6100000|  0%| F|  |TS7187|AC  0|TAMS 0x00000000c6000000, 0x00000000c6000000|
|  41|0x00000000c6100000, 0x00000000c6100000, 0x00000000c6200000|  0%| F|  |TS7727|AC  0|TAMS 0x00000000c6100000, 0x00000000c6100000|
|  42|0x00000000c6200000, 0x00000000c6200000, 0x00000000c6300000|  0%| F|  |TS7925|AC  0|TAMS 0x00000000c6200000, 0x00000000c6200000|
|  43|0x00000000c6300000, 0x00000000c6300000, 0x00000000c6400000|  0%| F|  |TS8951|AC  0|TAMS 0x00000000c6300000, 0x00000000c6300000|
|  44|0x00000000c6400000, 0x00000000c6400000, 0x00000000c6500000|  0%| F|  |TS9179|AC  0|TAMS 0x00000000c6400000, 0x00000000c6400000|
|  45|0x00000000c6500000, 0x00000000c6500000, 0x00000000c6600000|  0%| F|  |TS9893|AC  0|TAMS 0x00000000c6500000, 0x00000000c6500000|
|  46|0x00000000c6600000, 0x00000000c6600000, 0x00000000c6700000|  0%| F|  |TS10623|AC  0|TAMS 0x00000000c6600000, 0x00000000c6600000|
|  47|0x00000000c6700000, 0x00000000c6700000, 0x00000000c6800000|  0%| F|  |TS11381|AC  0|TAMS 0x00000000c6700000, 0x00000000c6700000|
|  48|0x00000000c6800000, 0x00000000c6800000, 0x00000000c6900000|  0%| F|  |TS11511|AC  0|TAMS 0x00000000c6800000, 0x00000000c6800000|
|  49|0x00000000c6900000, 0x00000000c691ace8, 0x00000000c6a00000| 10%| S|CS|TS11511|AC  0|TAMS 0x00000000c6900000, 0x00000000c6900000|
|  50|0x00000000c6a00000, 0x00000000c6a00000, 0x00000000c6b00000|  0%| F|  |TS11511|AC  0|TAMS 0x00000000c6a00000, 0x00000000c6a00000|
|  51|0x00000000c6b00000, 0x00000000c6b00000, 0x00000000c6c00000|  0%| F|  |TS11511|AC  0|TAMS 0x00000000c6b00000, 0x00000000c6b00000|
|  52|0x00000000c6c00000, 0x00000000c6c00000, 0x00000000c6d00000|  0%| F|  |TS11511|AC  0|TAMS 0x00000000c6c00000, 0x00000000c6c00000|
|  53|0x00000000c6d00000, 0x00000000c6d00000, 0x00000000c6e00000|  0%| F|  |TS11511|AC  0|TAMS 0x00000000c6d00000, 0x00000000c6d00000|
|  54|0x00000000c6e00000, 0x00000000c6e00000, 0x00000000c6f00000|  0%| F|  |TS11511|AC  0|TAMS 0x00000000c6e00000, 0x00000000c6e00000|
|  55|0x00000000c6f00000, 0x00000000c6f00000, 0x00000000c7000000|  0%| F|  |TS11511|AC  0|TAMS 0x00000000c6f00000, 0x00000000c6f00000|
|  56|0x00000000c7000000, 0x00000000c7000000, 0x00000000c7100000|  0%| F|  |TS11511|AC  0|TAMS 0x00000000c7000000, 0x00000000c7000000|
|  57|0x00000000c7100000, 0x00000000c7100000, 0x00000000c7200000|  0%| F|  |TS11511|AC  0|TAMS 0x00000000c7100000, 0x00000000c7100000|
|  58|0x00000000c7200000, 0x00000000c7200000, 0x00000000c7300000|  0%| F|  |TS11511|AC  0|TAMS 0x00000000c7200000, 0x00000000c7200000|
|  59|0x00000000c7300000, 0x00000000c7300000, 0x00000000c7400000|  0%| F|  |TS11511|AC  0|TAMS 0x00000000c7300000, 0x00000000c7300000|
|  60|0x00000000c7400000, 0x00000000c7400000, 0x00000000c7500000|  0%| F|  |TS11511|AC  0|TAMS 0x00000000c7400000, 0x00000000c7400000|
|  61|0x00000000c7500000, 0x00000000c7500000, 0x00000000c7600000|  0%| F|  |TS11511|AC  0|TAMS 0x00000000c7500000, 0x00000000c7500000|
|  62|0x00000000c7600000, 0x00000000c7600000, 0x00000000c7700000|  0%| F|  |TS11511|AC  0|TAMS 0x00000000c7600000, 0x00000000c7600000|
|  63|0x00000000c7700000, 0x00000000c7700000, 0x00000000c7800000|  0%| F|  |TS11511|AC  0|TAMS 0x00000000c7700000, 0x00000000c7700000|
|  64|0x00000000c7800000, 0x00000000c7800000, 0x00000000c7900000|  0%| F|  |TS11511|AC  0|TAMS 0x00000000c7800000, 0x00000000c7800000|
|  65|0x00000000c7900000, 0x00000000c7900000, 0x00000000c7a00000|  0%| F|  |TS11511|AC  0|TAMS 0x00000000c7900000, 0x00000000c7900000|
|  66|0x00000000c7a00000, 0x00000000c7a00000, 0x00000000c7b00000|  0%| F|  |TS11511|AC  0|TAMS 0x00000000c7a00000, 0x00000000c7a00000|
|  67|0x00000000c7b00000, 0x00000000c7b00000, 0x00000000c7c00000|  0%| F|  |TS11511|AC  0|TAMS 0x00000000c7b00000, 0x00000000c7b00000|
|  68|0x00000000c7c00000, 0x00000000c7c00000, 0x00000000c7d00000|  0%| F|  |TS11511|AC  0|TAMS 0x00000000c7c00000, 0x00000000c7c00000|
|  69|0x00000000c7d00000, 0x00000000c7d00000, 0x00000000c7e00000|  0%| F|  |TS11511|AC  0|TAMS 0x00000000c7d00000, 0x00000000c7d00000|
|  70|0x00000000c7e00000, 0x00000000c7e00000, 0x00000000c7f00000|  0%| F|  |TS11511|AC  0|TAMS 0x00000000c7e00000, 0x00000000c7e00000|
|  71|0x00000000c7f00000, 0x00000000c7f00000, 0x00000000c8000000|  0%| F|  |TS11511|AC  0|TAMS 0x00000000c7f00000, 0x00000000c7f00000|
|  72|0x00000000c8000000, 0x00000000c8000000, 0x00000000c8100000|  0%| F|  |TS11511|AC  0|TAMS 0x00000000c8000000, 0x00000000c8000000|
|  73|0x00000000c8100000, 0x00000000c8100000, 0x00000000c8200000|  0%| F|  |TS11511|AC  0|TAMS 0x00000000c8100000, 0x00000000c8100000|
|  74|0x00000000c8200000, 0x00000000c8200000, 0x00000000c8300000|  0%| F|  |TS11511|AC  0|TAMS 0x00000000c8200000, 0x00000000c8200000|
|  75|0x00000000c8300000, 0x00000000c8300000, 0x00000000c8400000|  0%| F|  |TS11511|AC  0|TAMS 0x00000000c8300000, 0x00000000c8300000|
|  76|0x00000000c8400000, 0x00000000c8400000, 0x00000000c8500000|  0%| F|  |TS11511|AC  0|TAMS 0x00000000c8400000, 0x00000000c8400000|
|  77|0x00000000c8500000, 0x00000000c8500000, 0x00000000c8600000|  0%| F|  |TS11511|AC  0|TAMS 0x00000000c8500000, 0x00000000c8500000|
|  78|0x00000000c8600000, 0x00000000c8600000, 0x00000000c8700000|  0%| F|  |TS11511|AC  0|TAMS 0x00000000c8600000, 0x00000000c8600000|
|  79|0x00000000c8700000, 0x00000000c8700000, 0x00000000c8800000|  0%| F|  |TS11511|AC  0|TAMS 0x00000000c8700000, 0x00000000c8700000|
|  80|0x00000000c8800000, 0x00000000c8800000, 0x00000000c8900000|  0%| F|  |TS11511|AC  0|TAMS 0x00000000c8800000, 0x00000000c8800000|
|  81|0x00000000c8900000, 0x00000000c8900000, 0x00000000c8a00000|  0%| F|  |TS11511|AC  0|TAMS 0x00000000c8900000, 0x00000000c8900000|
|  82|0x00000000c8a00000, 0x00000000c8a00000, 0x00000000c8b00000|  0%| F|  |TS11511|AC  0|TAMS 0x00000000c8a00000, 0x00000000c8a00000|
|  83|0x00000000c8b00000, 0x00000000c8b00000, 0x00000000c8c00000|  0%| F|  |TS11511|AC  0|TAMS 0x00000000c8b00000, 0x00000000c8b00000|
|  84|0x00000000c8c00000, 0x00000000c8c00000, 0x00000000c8d00000|  0%| F|  |TS11511|AC  0|TAMS 0x00000000c8c00000, 0x00000000c8c00000|
|  85|0x00000000c8d00000, 0x00000000c8d00000, 0x00000000c8e00000|  0%| F|  |TS11511|AC  0|TAMS 0x00000000c8d00000, 0x00000000c8d00000|
|  86|0x00000000c8e00000, 0x00000000c8e00000, 0x00000000c8f00000|  0%| F|  |TS11511|AC  0|TAMS 0x00000000c8e00000, 0x00000000c8e00000|
|  87|0x00000000c8f00000, 0x00000000c8f00000, 0x00000000c9000000|  0%| F|  |TS11511|AC  0|TAMS 0x00000000c8f00000, 0x00000000c8f00000|
|  88|0x00000000c9000000, 0x00000000c9000000, 0x00000000c9100000|  0%| F|  |TS11511|AC  0|TAMS 0x00000000c9000000, 0x00000000c9000000|
|  89|0x00000000c9100000, 0x00000000c9100000, 0x00000000c9200000|  0%| F|  |TS11511|AC  0|TAMS 0x00000000c9100000, 0x00000000c9100000|

Card table byte_map: [0x00007f935b47e000,0x00007f935b662000] byte_map_base: 0x00007f935ae62000

Marking Bits (Prev, Next): (CMBitMap*) 0x00007f9374040c30, (CMBitMap*) 0x00007f9374040c68
 Prev Bits: [0x00007f935a37a000, 0x00007f935b29a000)
 Next Bits: [0x00007f935945a000, 0x00007f935a37a000)

Polling page: 0x00007f937c01c000

CodeHeap 'non-profiled nmethods': size=120036Kb used=2982Kb max_used=2982Kb free=117053Kb
 bounds [0x00007f93634f1000, 0x00007f93637e1000, 0x00007f936aa2a000]
CodeHeap 'profiled nmethods': size=120032Kb used=4091Kb max_used=6718Kb free=115940Kb
 bounds [0x00007f935bfb9000, 0x00007f935c659000, 0x00007f93634f1000]
CodeHeap 'non-nmethods': size=5692Kb used=1395Kb max_used=1468Kb free=4296Kb
 bounds [0x00007f935ba2a000, 0x00007f935bc9a000, 0x00007f935bfb9000]
 total_blobs=5486 nmethods=2749 adapters=582
 compilation: enabled

Compilation events (10 events):
Event: 1601.796 Thread 0x00007f9374114000 3491   !   4       com.sun.imageio.plugins.wbmp.WBMPImageReaderSpi::canDecodeInput (211 bytes)
Event: 1601.823 Thread 0x00007f9374114000 nmethod 3491 0x00007f93637d8110 code [0x00007f93637d83a0, 0x00007f93637d8c28]
Event: 1616.620 Thread 0x00007f9374114000 3494       4       sun.java2d.pipe.LoopPipe::fillRect (32 bytes)
Event: 1616.623 Thread 0x00007f9374114000 nmethod 3494 0x00007f93637d9690 code [0x00007f93637d9840, 0x00007f93637d9948]
Event: 1972.635 Thread 0x00007f9374114000 3495       4       java.lang.AbstractStringBuilder::append (60 bytes)
Event: 1972.659 Thread 0x00007f9374114000 nmethod 3495 0x00007f93637d9a90 code [0x00007f93637d9c40, 0x00007f93637da2e8]
Event: 2005.377 Thread 0x00007f9374114000 3496       4       java.nio.ByteBuffer::flip (7 bytes)
Event: 2005.378 Thread 0x00007f9374114000 nmethod 3496 0x00007f93637da590 code [0x00007f93637da720, 0x00007f93637da798]
Event: 2034.016 Thread 0x00007f9374114000 3497       4       java.lang.ref.Reference::access$000 (4 bytes)
Event: 2034.016 Thread 0x00007f9374114000 nmethod 3497 0x00007f93637da810 code [0x00007f93637da9a0, 0x00007f93637daa08]

GC Heap History (10 events):
Event: 2183.608 GC heap after
{Heap after GC invocations=5751 (full 0):
 garbage-first heap   total 92160K, used 39176K [0x00000000c3800000, 0x00000000c39002d0, 0x0000000100000000)
  region size 1024K, 1 young (1024K), 1 survivors (1024K)
 Metaspace       used 17934K, capacity 19238K, committed 19456K, reserved 1067008K
  class space    used 1719K, capacity 1969K, committed 2048K, reserved 1048576K
}
Event: 2183.998 GC heap before
{Heap before GC invocations=5751 (full 0):
 garbage-first heap   total 92160K, used 80136K [0x00000000c3800000, 0x00000000c39002d0, 0x0000000100000000)
  region size 1024K, 41 young (41984K), 1 survivors (1024K)
 Metaspace       used 17934K, capacity 19238K, committed 19456K, reserved 1067008K
  class space    used 1719K, capacity 1969K, committed 2048K, reserved 1048576K
}
Event: 2184.002 GC heap after
{Heap after GC invocations=5752 (full 0):
 garbage-first heap   total 92160K, used 39163K [0x00000000c3800000, 0x00000000c39002d0, 0x0000000100000000)
  region size 1024K, 1 young (1024K), 1 survivors (1024K)
 Metaspace       used 17934K, capacity 19238K, committed 19456K, reserved 1067008K
  class space    used 1719K, capacity 1969K, committed 2048K, reserved 1048576K
}
Event: 2184.515 GC heap before
{Heap before GC invocations=5752 (full 0):
 garbage-first heap   total 92160K, used 80123K [0x00000000c3800000, 0x00000000c39002d0, 0x0000000100000000)
  region size 1024K, 41 young (41984K), 1 survivors (1024K)
 Metaspace       used 17934K, capacity 19238K, committed 19456K, reserved 1067008K
  class space    used 1719K, capacity 1969K, committed 2048K, reserved 1048576K
}
Event: 2184.548 GC heap after
{Heap after GC invocations=5753 (full 0):
 garbage-first heap   total 92160K, used 39182K [0x00000000c3800000, 0x00000000c39002d0, 0x0000000100000000)
  region size 1024K, 1 young (1024K), 1 survivors (1024K)
 Metaspace       used 17934K, capacity 19238K, committed 19456K, reserved 1067008K
  class space    used 1719K, capacity 1969K, committed 2048K, reserved 1048576K
}
Event: 2184.936 GC heap before
{Heap before GC invocations=5753 (full 0):
 garbage-first heap   total 92160K, used 80142K [0x00000000c3800000, 0x00000000c39002d0, 0x0000000100000000)
  region size 1024K, 41 young (41984K), 1 survivors (1024K)
 Metaspace       used 17934K, capacity 19238K, committed 19456K, reserved 1067008K
  class space    used 1719K, capacity 1969K, committed 2048K, reserved 1048576K
}
Event: 2184.938 GC heap after
{Heap after GC invocations=5754 (full 0):
 garbage-first heap   total 92160K, used 39182K [0x00000000c3800000, 0x00000000c39002d0, 0x0000000100000000)
  region size 1024K, 1 young (1024K), 1 survivors (1024K)
 Metaspace       used 17934K, capacity 19238K, committed 19456K, reserved 1067008K
  class space    used 1719K, capacity 1969K, committed 2048K, reserved 1048576K
}
Event: 2185.550 GC heap before
{Heap before GC invocations=5754 (full 0):
 garbage-first heap   total 92160K, used 80142K [0x00000000c3800000, 0x00000000c39002d0, 0x0000000100000000)
  region size 1024K, 41 young (41984K), 1 survivors (1024K)
 Metaspace       used 17934K, capacity 19238K, committed 19456K, reserved 1067008K
  class space    used 1719K, capacity 1969K, committed 2048K, reserved 1048576K
}
Event: 2185.637 GC heap after
{Heap after GC invocations=5755 (full 0):
 garbage-first heap   total 92160K, used 39195K [0x00000000c3800000, 0x00000000c39002d0, 0x0000000100000000)
  region size 1024K, 1 young (1024K), 1 survivors (1024K)
 Metaspace       used 17934K, capacity 19238K, committed 19456K, reserved 1067008K
  class space    used 1719K, capacity 1969K, committed 2048K, reserved 1048576K
}
Event: 2186.153 GC heap before
{Heap before GC invocations=5755 (full 0):
 garbage-first heap   total 92160K, used 80155K [0x00000000c3800000, 0x00000000c39002d0, 0x0000000100000000)
  region size 1024K, 41 young (41984K), 1 survivors (1024K)
 Metaspace       used 17934K, capacity 19238K, committed 19456K, reserved 1067008K
  class space    used 1719K, capacity 1969K, committed 2048K, reserved 1048576K
}

Deoptimization events (10 events):
Event: 114.044 Thread 0x00007f9374427800 Uncommon trap: reason=class_check action=maybe_recompile pc=0x00007f9363509d24 method=jdk.internal.misc.Unsafe.allocateUninitializedArray(Ljava/lang/Class;I)Ljava/lang/Object; @ 48 c2
Event: 114.732 Thread 0x00007f9374427800 Uncommon trap: reason=class_check action=maybe_recompile pc=0x00007f9363509d24 method=jdk.internal.misc.Unsafe.allocateUninitializedArray(Ljava/lang/Class;I)Ljava/lang/Object; @ 48 c2
Event: 114.732 Thread 0x00007f9374427800 Uncommon trap: reason=class_check action=maybe_recompile pc=0x00007f9363509d24 method=jdk.internal.misc.Unsafe.allocateUninitializedArray(Ljava/lang/Class;I)Ljava/lang/Object; @ 48 c2
Event: 174.078 Thread 0x00007f9374427800 Uncommon trap: reason=predicate action=maybe_recompile pc=0x00007f936375e244 method=java.util.AbstractCollection.toArray([Ljava/lang/Object;)[Ljava/lang/Object; @ 46 c2
Event: 182.984 Thread 0x00007f9374427800 Uncommon trap: reason=array_check action=maybe_recompile pc=0x00007f936375f600 method=java.util.AbstractCollection.toArray([Ljava/lang/Object;)[Ljava/lang/Object; @ 116 c2
Event: 182.985 Thread 0x00007f9374427800 Uncommon trap: reason=array_check action=maybe_recompile pc=0x00007f936375f600 method=java.util.AbstractCollection.toArray([Ljava/lang/Object;)[Ljava/lang/Object; @ 116 c2
Event: 182.987 Thread 0x00007f9374427800 Uncommon trap: reason=array_check action=maybe_recompile pc=0x00007f936375f600 method=java.util.AbstractCollection.toArray([Ljava/lang/Object;)[Ljava/lang/Object; @ 116 c2
Event: 182.988 Thread 0x00007f9374427800 Uncommon trap: reason=array_check action=maybe_recompile pc=0x00007f936375f600 method=java.util.AbstractCollection.toArray([Ljava/lang/Object;)[Ljava/lang/Object; @ 116 c2
Event: 189.272 Thread 0x00007f937412c000 Uncommon trap: reason=unstable_if action=reinterpret pc=0x00007f936356bb04 method=java.lang.ref.ReferenceQueue.remove(J)Ljava/lang/ref/Reference; @ 70 c2
Event: 925.572 Thread 0x00007f9374442800 Uncommon trap: reason=range_check action=make_not_entrant pc=0x00007f93637af06c method=java.awt.image.DirectColorModel.setFields()V @ 6 c2

Classes redefined (0 events):
No events

Internal exceptions (10 events):
Event: 3.399 Thread 0x00007f9374442800 Exception <a 'java/lang/NoSuchMethodError'{0x00000000c7582a70}: method resolution failed> (0x00000000c7582a70) thrown at [/build/java9-openjdk/src/jdk9u-jdk-9.0.4+11/hotspot/src/share/vm/prims/methodHandles.cpp, line 1256]
Event: 3.404 Thread 0x00007f9374442800 Exception <a 'java/lang/NoSuchMethodError'{0x00000000c75a4188}: method resolution failed> (0x00000000c75a4188) thrown at [/build/java9-openjdk/src/jdk9u-jdk-9.0.4+11/hotspot/src/share/vm/prims/methodHandles.cpp, line 1256]
Event: 3.409 Thread 0x00007f9374442800 Exception <a 'java/lang/NoSuchMethodError'{0x00000000c75c6f90}: method resolution failed> (0x00000000c75c6f90) thrown at [/build/java9-openjdk/src/jdk9u-jdk-9.0.4+11/hotspot/src/share/vm/prims/methodHandles.cpp, line 1256]
Event: 3.438 Thread 0x00007f9374442800 Exception <a 'java/lang/NoSuchMethodError'{0x00000000c7458860}: java.lang.invoke.DirectMethodHandle$Holder.invokeSpecial(Ljava/lang/Object;Ljava/lang/Object;IILjava/lang/Object;Ljava/lang/Object;Ljava/lang/Object;Ljava/lang/Object;)Ljava/lang/Object;> (0x
Event: 3.438 Thread 0x00007f9374442800 Exception <a 'java/lang/NoSuchMethodError'{0x00000000c745c4c0}: java.lang.invoke.DelegatingMethodHandle$Holder.reinvoke_L(Ljava/lang/Object;IILjava/lang/Object;Ljava/lang/Object;Ljava/lang/Object;Ljava/lang/Object;)Ljava/lang/Object;> (0x00000000c745c4c0)
Event: 3.558 Thread 0x00007f9374442800 Exception <a 'java/lang/NoSuchMethodError'{0x00000000c73e3a28}: java.lang.invoke.DirectMethodHandle$Holder.invokeStatic(Ljava/lang/Object;Ljava/lang/Object;Ljava/lang/Object;Ljava/lang/Object;Ljava/lang/Object;Ljava/lang/Object;Ljava/lang/Object;Ljava/lan
Event: 3.563 Thread 0x00007f9374442800 Exception <a 'java/lang/NoSuchMethodError'{0x00000000c72024d0}: java.lang.invoke.DirectMethodHandle$Holder.invokeStatic(Ljava/lang/Object;Ljava/lang/Object;Ljava/lang/Object;Ljava/lang/Object;Ljava/lang/Object;Ljava/lang/Object;Ljava/lang/Object;Ljava/lan
Event: 3.571 Thread 0x00007f9374442800 Exception <a 'java/lang/NoSuchMethodError'{0x00000000c7221bb0}: java.lang.invoke.DirectMethodHandle$Holder.invokeStatic(Ljava/lang/Object;Ljava/lang/Object;Ljava/lang/Object;Ljava/lang/Object;Ljava/lang/Object;Ljava/lang/Object;Ljava/lang/Object;Ljava/lan
Event: 3.589 Thread 0x00007f9374442800 Exception <a 'java/lang/NoSuchMethodError'{0x00000000c7242ab8}: java.lang.invoke.DirectMethodHandle$Holder.invokeStatic(Ljava/lang/Object;Ljava/lang/Object;Ljava/lang/Object;Ljava/lang/Object;Ljava/lang/Object;Ljava/lang/Object;Ljava/lang/Object;Ljava/lan
Event: 5.244 Thread 0x00007f9374442800 Exception <a 'java/lang/UnsupportedOperationException'{0x00000000c68dd330}: > (0x00000000c68dd330) thrown at [/build/java9-openjdk/src/jdk9u-jdk-9.0.4+11/hotspot/src/share/vm/prims/jni.cpp, line 625]

Events (10 events):
Event: 2183.608 Executing VM operation: G1IncCollectionPause done
Event: 2183.998 Executing VM operation: G1IncCollectionPause
Event: 2184.002 Executing VM operation: G1IncCollectionPause done
Event: 2184.504 Executing VM operation: G1IncCollectionPause
Event: 2184.548 Executing VM operation: G1IncCollectionPause done
Event: 2184.920 Executing VM operation: G1IncCollectionPause
Event: 2184.938 Executing VM operation: G1IncCollectionPause done
Event: 2185.494 Executing VM operation: G1IncCollectionPause
Event: 2185.637 Executing VM operation: G1IncCollectionPause done
Event: 2186.136 Executing VM operation: G1IncCollectionPause


Dynamic libraries:
c3800000-c9200000 rw-p 00000000 00:00 0 
cd700000-100000000 ---p 00000000 00:00 0 
100000000-100200000 rw-p 00000000 00:00 0 
100200000-140000000 ---p 00000000 00:00 0 
55fcfd911000-55fcfd912000 r-xp 00000000 b3:01 22890                      /usr/lib/jvm/java-9-openjdk/bin/java
55fcfdb12000-55fcfdb13000 r--p 00001000 b3:01 22890                      /usr/lib/jvm/java-9-openjdk/bin/java
55fcfdb13000-55fcfdb14000 rw-p 00002000 b3:01 22890                      /usr/lib/jvm/java-9-openjdk/bin/java
55fcff043000-55fcff064000 rw-p 00000000 00:00 0                          [heap]
7f928e4f2000-7f92924f2000 rw-s 00000000 00:05 331861                     /memfd:pulseaudio (deleted)
7f92924f2000-7f92964f2000 rw-s 00000000 00:05 19658                      /memfd:pulseaudio (deleted)
7f92964f2000-7f929a4f2000 rw-s 00000000 00:05 331859                     /memfd:pulseaudio (deleted)
7f929a4f2000-7f929a4f3000 ---p 00000000 00:00 0 
7f929a4f3000-7f929acf3000 rw-p 00000000 00:00 0 
7f929acf3000-7f929ecf3000 rw-s 00000000 00:05 331859                     /memfd:pulseaudio (deleted)
7f929ecf3000-7f92a2cf3000 rw-s 00000000 00:05 331847                     /memfd:pulseaudio (deleted)
7f92a2cf3000-7f92a6cf3000 rw-s 00000000 00:05 19658                      /memfd:pulseaudio (deleted)
7f92a6cf3000-7f92aacf3000 rw-s 00000000 00:05 331844                     /memfd:pulseaudio (deleted)
7f92aacf3000-7f92aecf3000 rw-s 00000000 00:05 331844                     /memfd:pulseaudio (deleted)
7f92aecf3000-7f92b2cf3000 rw-s 00000000 00:05 330725                     /memfd:pulseaudio (deleted)
7f92b2cf3000-7f92b6cf3000 rw-s 00000000 00:05 19658                      /memfd:pulseaudio (deleted)
7f92b6cf3000-7f92bacf3000 rw-s 00000000 00:05 331245                     /memfd:pulseaudio (deleted)
7f92bacf3000-7f92becf3000 rw-s 00000000 00:05 331245                     /memfd:pulseaudio (deleted)
7f92becf3000-7f92c2cf3000 rw-s 00000000 00:05 330722                     /memfd:pulseaudio (deleted)
7f92c2cf3000-7f92c6cf3000 rw-s 00000000 00:05 19658                      /memfd:pulseaudio (deleted)
7f92c6cf3000-7f92cacf3000 rw-s 00000000 00:05 330719                     /memfd:pulseaudio (deleted)
7f92cacf3000-7f92cecf3000 rw-s 00000000 00:05 330719                     /memfd:pulseaudio (deleted)
7f92cecf3000-7f92d2cf3000 rw-s 00000000 00:05 330706                     /memfd:pulseaudio (deleted)
7f92d2cf3000-7f92d6cf3000 rw-s 00000000 00:05 19658                      /memfd:pulseaudio (deleted)
7f92d6cf3000-7f92dacf3000 rw-s 00000000 00:05 331226                     /memfd:pulseaudio (deleted)
7f92dacf3000-7f92decf3000 rw-s 00000000 00:05 331226                     /memfd:pulseaudio (deleted)
7f92decf3000-7f92e2cf3000 rw-s 00000000 00:05 331212                     /memfd:pulseaudio (deleted)
7f92e2cf3000-7f92e6cf3000 rw-s 00000000 00:05 19658                      /memfd:pulseaudio (deleted)
7f92e6cf3000-7f92eacf3000 rw-s 00000000 00:05 330688                     /memfd:pulseaudio (deleted)
7f92eacf3000-7f92eecf3000 rw-s 00000000 00:05 330688                     /memfd:pulseaudio (deleted)
7f92eecf3000-7f92f2cf3000 rw-s 00000000 00:05 330676                     /memfd:pulseaudio (deleted)
7f92f2cf3000-7f92f6cf3000 rw-s 00000000 00:05 19658                      /memfd:pulseaudio (deleted)
7f92f6cf3000-7f92facf3000 rw-s 00000000 00:05 331208                     /memfd:pulseaudio (deleted)
7f92facf3000-7f92fecf3000 rw-s 00000000 00:05 331208                     /memfd:pulseaudio (deleted)
7f92fecf3000-7f9302cf3000 rw-s 00000000 00:05 330664                     /memfd:pulseaudio (deleted)
7f9302cf3000-7f9306cf3000 rw-s 00000000 00:05 19658                      /memfd:pulseaudio (deleted)
7f9306cf3000-7f930acf3000 rw-s 00000000 00:05 330661                     /memfd:pulseaudio (deleted)
7f930acf3000-7f930ecf3000 rw-s 00000000 00:05 330661                     /memfd:pulseaudio (deleted)
7f930ecf3000-7f930ecf4000 ---p 00000000 00:00 0 
7f930ecf4000-7f930f4f4000 rw-p 00000000 00:00 0 
7f930fae6000-7f930faea000 ---p 00000000 00:00 0 
7f930faea000-7f930fbe7000 rw-p 00000000 00:00 0 
7f930fbe7000-7f930fbeb000 ---p 00000000 00:00 0 
7f930fbeb000-7f930fce8000 rw-p 00000000 00:00 0 
7f930fce8000-7f930fce9000 ---p 00000000 00:00 0 
7f930fce9000-7f93104e9000 rw-p 00000000 00:00 0 
7f93104e9000-7f93104ed000 ---p 00000000 00:00 0 
7f93104ed000-7f93105ea000 rw-p 00000000 00:00 0 
7f93105ea000-7f93105eb000 ---p 00000000 00:00 0 
7f93105eb000-7f9310deb000 rw-p 00000000 00:00 0 
7f9310deb000-7f9310def000 ---p 00000000 00:00 0 
7f9310def000-7f9310eec000 rw-p 00000000 00:00 0 
7f9310eec000-7f9310eed000 ---p 00000000 00:00 0 
7f9310eed000-7f93116ed000 rw-p 00000000 00:00 0 
7f93116ed000-7f93116f1000 ---p 00000000 00:00 0 
7f93116f1000-7f93117ee000 rw-p 00000000 00:00 0 
7f93117ee000-7f93117ef000 ---p 00000000 00:00 0 
7f93117ef000-7f9311fef000 rw-p 00000000 00:00 0 
7f9311fef000-7f9311ff3000 ---p 00000000 00:00 0 
7f9311ff3000-7f93120f0000 rw-p 00000000 00:00 0 
7f93120f0000-7f93120f1000 ---p 00000000 00:00 0 
7f93120f1000-7f93128f1000 rw-p 00000000 00:00 0 
7f93128f1000-7f93128f5000 ---p 00000000 00:00 0 
7f93128f5000-7f93129f2000 rw-p 00000000 00:00 0 
7f93129f2000-7f93129f3000 ---p 00000000 00:00 0 
7f93129f3000-7f93131f3000 rw-p 00000000 00:00 0 
7f93131f3000-7f93131f7000 ---p 00000000 00:00 0 
7f93131f7000-7f93133f4000 rw-p 00000000 00:00 0 
7f93133f4000-7f93134f4000 ---p 00000000 00:00 0 
7f93134f4000-7f9313508000 r-xp 00000000 b3:01 796124                     /usr/lib/libgpg-error.so.0.22.0
7f9313508000-7f9313707000 ---p 00014000 b3:01 796124                     /usr/lib/libgpg-error.so.0.22.0
7f9313707000-7f9313708000 r--p 00013000 b3:01 796124                     /usr/lib/libgpg-error.so.0.22.0
7f9313708000-7f9313709000 rw-p 00014000 b3:01 796124                     /usr/lib/libgpg-error.so.0.22.0
7f9313709000-7f931379a000 r-xp 00000000 b3:01 815821                     /usr/lib/libvorbisenc.so.2.0.11
7f931379a000-7f9313999000 ---p 00091000 b3:01 815821                     /usr/lib/libvorbisenc.so.2.0.11
7f9313999000-7f93139bb000 r--p 00090000 b3:01 815821                     /usr/lib/libvorbisenc.so.2.0.11
7f93139bb000-7f93139bc000 rw-p 000b2000 b3:01 815821                     /usr/lib/libvorbisenc.so.2.0.11
7f93139bc000-7f93139e7000 r-xp 00000000 b3:01 815824                     /usr/lib/libvorbis.so.0.4.8
7f93139e7000-7f9313be7000 ---p 0002b000 b3:01 815824                     /usr/lib/libvorbis.so.0.4.8
7f9313be7000-7f9313be8000 r--p 0002b000 b3:01 815824                     /usr/lib/libvorbis.so.0.4.8
7f9313be8000-7f9313be9000 rw-p 0002c000 b3:01 815824                     /usr/lib/libvorbis.so.0.4.8
7f9313be9000-7f9313bee000 r-xp 00000000 b3:01 815804                     /usr/lib/libogg.so.0.8.3
7f9313bee000-7f9313dee000 ---p 00005000 b3:01 815804                     /usr/lib/libogg.so.0.8.3
7f9313dee000-7f9313def000 r--p 00005000 b3:01 815804                     /usr/lib/libogg.so.0.8.3
7f9313def000-7f9313df0000 rw-p 00006000 b3:01 815804                     /usr/lib/libogg.so.0.8.3
7f9313df0000-7f9313e66000 r-xp 00000000 b3:01 815810                     /usr/lib/libFLAC.so.8.3.0
7f9313e66000-7f9314066000 ---p 00076000 b3:01 815810                     /usr/lib/libFLAC.so.8.3.0
7f9314066000-7f9314067000 r--p 00076000 b3:01 815810                     /usr/lib/libFLAC.so.8.3.0
7f9314067000-7f9314068000 rw-p 00077000 b3:01 815810                     /usr/lib/libFLAC.so.8.3.0
7f9314068000-7f931417d000 r-xp 00000000 b3:01 785614                     /usr/lib/libgcrypt.so.20.2.2
7f931417d000-7f931437c000 ---p 00115000 b3:01 785614                     /usr/lib/libgcrypt.so.20.2.2
7f931437c000-7f931437e000 r--p 00114000 b3:01 785614                     /usr/lib/libgcrypt.so.20.2.2
7f931437e000-7f9314383000 rw-p 00116000 b3:01 785614                     /usr/lib/libgcrypt.so.20.2.2
7f9314383000-7f9314384000 rw-p 00000000 00:00 0 
7f9314384000-7f931439a000 r-xp 00000000 b3:01 796150                     /usr/lib/liblz4.so.1.8.1
7f931439a000-7f9314599000 ---p 00016000 b3:01 796150                     /usr/lib/liblz4.so.1.8.1
7f9314599000-7f931459a000 r--p 00015000 b3:01 796150                     /usr/lib/liblz4.so.1.8.1
7f931459a000-7f931459b000 rw-p 00016000 b3:01 796150                     /usr/lib/liblz4.so.1.8.1
7f931459b000-7f93145c0000 r-xp 00000000 b3:01 796152                     /usr/lib/liblzma.so.5.2.3
7f93145c0000-7f93147bf000 ---p 00025000 b3:01 796152                     /usr/lib/liblzma.so.5.2.3
7f93147bf000-7f93147c0000 r--p 00024000 b3:01 796152                     /usr/lib/liblzma.so.5.2.3
7f93147c0000-7f93147c1000 rw-p 00025000 b3:01 796152                     /usr/lib/liblzma.so.5.2.3
7f93147c1000-7f93147c6000 r-xp 00000000 b3:01 816012                     /usr/lib/libasyncns.so.0.3.1
7f93147c6000-7f93149c5000 ---p 00005000 b3:01 816012                     /usr/lib/libasyncns.so.0.3.1
7f93149c5000-7f93149c6000 r--p 00004000 b3:01 816012                     /usr/lib/libasyncns.so.0.3.1
7f93149c6000-7f93149c7000 rw-p 00005000 b3:01 816012                     /usr/lib/libasyncns.so.0.3.1
7f93149c7000-7f9314a3a000 r-xp 00000000 b3:01 815834                     /usr/lib/libsndfile.so.1.0.28
7f9314a3a000-7f9314c39000 ---p 00073000 b3:01 815834                     /usr/lib/libsndfile.so.1.0.28
7f9314c39000-7f9314c3c000 r--p 00072000 b3:01 815834                     /usr/lib/libsndfile.so.1.0.28
7f9314c3c000-7f9314c3d000 rw-p 00075000 b3:01 815834                     /usr/lib/libsndfile.so.1.0.28
7f9314c3d000-7f9314c3f000 rw-p 00000000 00:00 0 
7f9314c3f000-7f9314cc1000 r-xp 00000000 b3:01 824707                     /usr/lib/libsystemd.so.0.21.0
7f9314cc1000-7f9314ec0000 ---p 00082000 b3:01 824707                     /usr/lib/libsystemd.so.0.21.0
7f9314ec0000-7f9314ec3000 r--p 00081000 b3:01 824707                     /usr/lib/libsystemd.so.0.21.0
7f9314ec3000-7f9314ec4000 rw-p 00084000 b3:01 824707                     /usr/lib/libsystemd.so.0.21.0
7f9314ec4000-7f9314ec5000 rw-p 00000000 00:00 0 
7f9314ec5000-7f9314f13000 r-xp 00000000 b3:01 796331                     /usr/lib/libdbus-1.so.3.19.5
7f9314f13000-7f9315113000 ---p 0004e000 b3:01 796331                     /usr/lib/libdbus-1.so.3.19.5
7f9315113000-7f9315115000 r--p 0004e000 b3:01 796331                     /usr/lib/libdbus-1.so.3.19.5
7f9315115000-7f9315116000 rw-p 00050000 b3:01 796331                     /usr/lib/libdbus-1.so.3.19.5
7f9315116000-7f9315196000 r-xp 00000000 b3:01 816034                     /usr/lib/pulseaudio/libpulsecommon-11.1.so
7f9315196000-7f9315396000 ---p 00080000 b3:01 816034                     /usr/lib/pulseaudio/libpulsecommon-11.1.so
7f9315396000-7f9315398000 r--p 00080000 b3:01 816034                     /usr/lib/pulseaudio/libpulsecommon-11.1.so
7f9315398000-7f9315399000 rw-p 00082000 b3:01 816034                     /usr/lib/pulseaudio/libpulsecommon-11.1.so
7f9315399000-7f93153e8000 r-xp 00000000 b3:01 816023                     /usr/lib/libpulse.so.0.20.2
7f93153e8000-7f93155e7000 ---p 0004f000 b3:01 816023                     /usr/lib/libpulse.so.0.20.2
7f93155e7000-7f93155e9000 r--p 0004e000 b3:01 816023                     /usr/lib/libpulse.so.0.20.2
7f93155e9000-7f93155ea000 rw-p 00050000 b3:01 816023                     /usr/lib/libpulse.so.0.20.2
7f93155ea000-7f93155ef000 r-xp 00000000 b3:01 818848                     /usr/lib/alsa-lib/libasound_module_pcm_pulse.so
7f93155ef000-7f93157ef000 ---p 00005000 b3:01 818848                     /usr/lib/alsa-lib/libasound_module_pcm_pulse.so
7f93157ef000-7f93157f0000 r--p 00005000 b3:01 818848                     /usr/lib/alsa-lib/libasound_module_pcm_pulse.so
7f93157f0000-7f93157f1000 rw-p 00006000 b3:01 818848                     /usr/lib/alsa-lib/libasound_module_pcm_pulse.so
7f93157f1000-7f93158d7000 r-xp 00000000 b3:01 815752                     /usr/lib/libasound.so.2.0.0
7f93158d7000-7f9315ad7000 ---p 000e6000 b3:01 815752                     /usr/lib/libasound.so.2.0.0
7f9315ad7000-7f9315adf000 r--p 000e6000 b3:01 815752                     /usr/lib/libasound.so.2.0.0
7f9315adf000-7f9315ae0000 rw-p 000ee000 b3:01 815752                     /usr/lib/libasound.so.2.0.0
7f9315ae0000-7f9315aef000 r-xp 00000000 b3:01 22947                      /usr/lib/jvm/java-9-openjdk/lib/libjsoundalsa.so
7f9315aef000-7f9315cee000 ---p 0000f000 b3:01 22947                      /usr/lib/jvm/java-9-openjdk/lib/libjsoundalsa.so
7f9315cee000-7f9315cef000 r--p 0000e000 b3:01 22947                      /usr/lib/jvm/java-9-openjdk/lib/libjsoundalsa.so
7f9315cef000-7f9315cf0000 rw-p 0000f000 b3:01 22947                      /usr/lib/jvm/java-9-openjdk/lib/libjsoundalsa.so
7f9315cf0000-7f9315cf1000 r-xp 00000000 b3:01 22902                      /usr/lib/jvm/java-9-openjdk/lib/libjsound.so
7f9315cf1000-7f9315ef0000 ---p 00001000 b3:01 22902                      /usr/lib/jvm/java-9-openjdk/lib/libjsound.so
7f9315ef0000-7f9315ef1000 r--p 00000000 b3:01 22902                      /usr/lib/jvm/java-9-openjdk/lib/libjsound.so
7f9315ef1000-7f9315ef2000 rw-p 00001000 b3:01 22902                      /usr/lib/jvm/java-9-openjdk/lib/libjsound.so
7f93160e7000-7f93160eb000 ---p 00000000 00:00 0 
7f93160eb000-7f93163e8000 rw-p 00000000 00:00 0 
7f93164c9000-7f93164ce000 r-xp 00000000 b3:01 785591                     /usr/lib/libnss_dns-2.26.so
7f93164ce000-7f93166cd000 ---p 00005000 b3:01 785591                     /usr/lib/libnss_dns-2.26.so
7f93166cd000-7f93166ce000 r--p 00004000 b3:01 785591                     /usr/lib/libnss_dns-2.26.so
7f93166ce000-7f93166cf000 rw-p 00005000 b3:01 785591                     /usr/lib/libnss_dns-2.26.so
7f93166cf000-7f931670b000 r-xp 00000000 b3:01 808977                     /usr/lib/libnss_resolve.so.2
7f931670b000-7f931690a000 ---p 0003c000 b3:01 808977                     /usr/lib/libnss_resolve.so.2
7f931690a000-7f931690d000 r--p 0003b000 b3:01 808977                     /usr/lib/libnss_resolve.so.2
7f931690d000-7f931690e000 rw-p 0003e000 b3:01 808977                     /usr/lib/libnss_resolve.so.2
7f931690e000-7f931694b000 r-xp 00000000 b3:01 808976                     /usr/lib/libnss_mymachines.so.2
7f931694b000-7f9316b4a000 ---p 0003d000 b3:01 808976                     /usr/lib/libnss_mymachines.so.2
7f9316b4a000-7f9316b4d000 r--p 0003c000 b3:01 808976                     /usr/lib/libnss_mymachines.so.2
7f9316b4d000-7f9316b4e000 rw-p 0003f000 b3:01 808976                     /usr/lib/libnss_mymachines.so.2
7f9316b4e000-7f9316d4e000 rw-p 00000000 00:00 0 
7f9316d4e000-7f9316d52000 ---p 00000000 00:00 0 
7f9316d52000-7f9316e4f000 rw-p 00000000 00:00 0 
7f9316e4f000-7f9316e53000 ---p 00000000 00:00 0 
7f9316e53000-7f9316f50000 rw-p 00000000 00:00 0 
7f9316f50000-7f9316fb7000 r-xp 00000000 b3:01 813228                     /usr/lib/libjpeg.so.8.1.2
7f9316fb7000-7f93171b6000 ---p 00067000 b3:01 813228                     /usr/lib/libjpeg.so.8.1.2
7f93171b6000-7f93171b7000 r--p 00066000 b3:01 813228                     /usr/lib/libjpeg.so.8.1.2
7f93171b7000-7f93171b8000 rw-p 00067000 b3:01 813228                     /usr/lib/libjpeg.so.8.1.2
7f93171b8000-7f93171c2000 r-xp 00000000 b3:01 22904                      /usr/lib/jvm/java-9-openjdk/lib/libjavajpeg.so
7f93171c2000-7f93173c1000 ---p 0000a000 b3:01 22904                      /usr/lib/jvm/java-9-openjdk/lib/libjavajpeg.so
7f93173c1000-7f93173c2000 r--p 00009000 b3:01 22904                      /usr/lib/jvm/java-9-openjdk/lib/libjavajpeg.so
7f93173c2000-7f93173c3000 rw-p 0000a000 b3:01 22904                      /usr/lib/jvm/java-9-openjdk/lib/libjavajpeg.so
7f93173c3000-7f93173c7000 ---p 00000000 00:00 0 
7f93173c7000-7f93176c4000 rw-p 00000000 00:00 0 
7f93176c4000-7f93176c8000 ---p 00000000 00:00 0 
7f93176c8000-7f93177c5000 rw-p 00000000 00:00 0 
7f93177c5000-7f93177c9000 ---p 00000000 00:00 0 
7f93177c9000-7f93178c6000 rw-p 00000000 00:00 0 
7f93178c6000-7f93178cb000 r-xp 00000000 b3:01 813051                     /usr/lib/libXfixes.so.3.1.0
7f93178cb000-7f9317aca000 ---p 00005000 b3:01 813051                     /usr/lib/libXfixes.so.3.1.0
7f9317aca000-7f9317acb000 r--p 00004000 b3:01 813051                     /usr/lib/libXfixes.so.3.1.0
7f9317acb000-7f9317acc000 rw-p 00005000 b3:01 813051                     /usr/lib/libXfixes.so.3.1.0
7f9317acc000-7f9317ad5000 r-xp 00000000 b3:01 813088                     /usr/lib/libXcursor.so.1.0.2
7f9317ad5000-7f9317cd4000 ---p 00009000 b3:01 813088                     /usr/lib/libXcursor.so.1.0.2
7f9317cd4000-7f9317cd5000 r--p 00008000 b3:01 813088                     /usr/lib/libXcursor.so.1.0.2
7f9317cd5000-7f9317cd6000 rw-p 00009000 b3:01 813088                     /usr/lib/libXcursor.so.1.0.2
7f9317cd6000-7f9317cd7000 ---p 00000000 00:00 0 
7f9317cd7000-7f93184d7000 rw-p 00000000 00:00 0 
7f93184d7000-7f93184d8000 ---p 00000000 00:00 0 
7f93184d8000-7f9318cd8000 rw-p 00000000 00:00 0 
7f9318cd8000-7f9318cd9000 ---p 00000000 00:00 0 
7f9318cd9000-7f93194d9000 rw-p 00000000 00:00 0 
7f93194d9000-7f93194e4000 r-xp 00000000 b3:01 263282                     /usr/lib/gio/modules/libdconfsettings.so
7f93194e4000-7f93196e4000 ---p 0000b000 b3:01 263282                     /usr/lib/gio/modules/libdconfsettings.so
7f93196e4000-7f93196e5000 r--p 0000b000 b3:01 263282                     /usr/lib/gio/modules/libdconfsettings.so
7f93196e5000-7f93196e6000 rw-p 0000c000 b3:01 263282                     /usr/lib/gio/modules/libdconfsettings.so
7f93196e6000-7f93196ec000 r-xp 00000000 b3:01 796130                     /usr/lib/libuuid.so.1.3.0
7f93196ec000-7f93198eb000 ---p 00006000 b3:01 796130                     /usr/lib/libuuid.so.1.3.0
7f93198eb000-7f93198ec000 r--p 00005000 b3:01 796130                     /usr/lib/libuuid.so.1.3.0
7f93198ec000-7f93198ed000 rw-p 00006000 b3:01 796130                     /usr/lib/libuuid.so.1.3.0
7f93198ed000-7f9319934000 r-xp 00000000 b3:01 796131                     /usr/lib/libblkid.so.1.1.0
7f9319934000-7f9319b34000 ---p 00047000 b3:01 796131                     /usr/lib/libblkid.so.1.1.0
7f9319b34000-7f9319b39000 r--p 00047000 b3:01 796131                     /usr/lib/libblkid.so.1.1.0
7f9319b39000-7f9319b3a000 rw-p 0004c000 b3:01 796131                     /usr/lib/libblkid.so.1.1.0
7f9319b3a000-7f9319b3b000 rw-p 00000000 00:00 0 
7f9319b3b000-7f9319b42000 r-xp 00000000 b3:01 799534                     /usr/lib/libffi.so.6.0.4
7f9319b42000-7f9319d42000 ---p 00007000 b3:01 799534                     /usr/lib/libffi.so.6.0.4
7f9319d42000-7f9319d43000 r--p 00007000 b3:01 799534                     /usr/lib/libffi.so.6.0.4
7f9319d43000-7f9319d44000 rw-p 00008000 b3:01 799534                     /usr/lib/libffi.so.6.0.4
7f9319d44000-7f9319d96000 r-xp 00000000 b3:01 796133                     /usr/lib/libmount.so.1.1.0
7f9319d96000-7f9319f95000 ---p 00052000 b3:01 796133                     /usr/lib/libmount.so.1.1.0
7f9319f95000-7f9319f98000 r--p 00051000 b3:01 796133                     /usr/lib/libmount.so.1.1.0
7f9319f98000-7f9319f99000 rw-p 00054000 b3:01 796133                     /usr/lib/libmount.so.1.1.0
7f9319f99000-7f9319f9a000 rw-p 00000000 00:00 0 
7f9319f9a000-7f9319fad000 r-xp 00000000 b3:01 785577                     /usr/lib/libresolv-2.26.so
7f9319fad000-7f931a1ad000 ---p 00013000 b3:01 785577                     /usr/lib/libresolv-2.26.so
7f931a1ad000-7f931a1ae000 r--p 00013000 b3:01 785577                     /usr/lib/libresolv-2.26.so
7f931a1ae000-7f931a1af000 rw-p 00014000 b3:01 785577                     /usr/lib/libresolv-2.26.so
7f931a1af000-7f931a1b1000 rw-p 00000000 00:00 0 
7f931a1b1000-7f931a1b4000 r-xp 00000000 b3:01 799623                     /usr/lib/libgmodule-2.0.so.0.5400.3
7f931a1b4000-7f931a3b3000 ---p 00003000 b3:01 799623                     /usr/lib/libgmodule-2.0.so.0.5400.3
7f931a3b3000-7f931a3b4000 r--p 00002000 b3:01 799623                     /usr/lib/libgmodule-2.0.so.0.5400.3
7f931a3b4000-7f931a3b5000 rw-p 00003000 b3:01 799623                     /usr/lib/libgmodule-2.0.so.0.5400.3
7f931a3b5000-7f931a409000 r-xp 00000000 b3:01 799625                     /usr/lib/libgobject-2.0.so.0.5400.3
7f931a409000-7f931a608000 ---p 00054000 b3:01 799625                     /usr/lib/libgobject-2.0.so.0.5400.3
7f931a608000-7f931a609000 r--p 00053000 b3:01 799625                     /usr/lib/libgobject-2.0.so.0.5400.3
7f931a609000-7f931a60a000 rw-p 00054000 b3:01 799625                     /usr/lib/libgobject-2.0.so.0.5400.3
7f931a60a000-7f931a7ac000 r-xp 00000000 b3:01 799626                     /usr/lib/libgio-2.0.so.0.5400.3
7f931a7ac000-7f931a9ac000 ---p 001a2000 b3:01 799626                     /usr/lib/libgio-2.0.so.0.5400.3
7f931a9ac000-7f931a9b3000 r--p 001a2000 b3:01 799626                     /usr/lib/libgio-2.0.so.0.5400.3
7f931a9b3000-7f931a9b4000 rw-p 001a9000 b3:01 799626                     /usr/lib/libgio-2.0.so.0.5400.3
7f931a9b4000-7f931a9b6000 rw-p 00000000 00:00 0 
7f931a9b6000-7f931a9c0000 r-xp 00000000 b3:01 813109                     /usr/lib/libXrandr.so.2.2.0
7f931a9c0000-7f931abbf000 ---p 0000a000 b3:01 813109                     /usr/lib/libXrandr.so.2.2.0
7f931abbf000-7f931abc0000 r--p 00009000 b3:01 813109                     /usr/lib/libXrandr.so.2.2.0
7f931abc0000-7f931abc1000 rw-p 0000a000 b3:01 813109                     /usr/lib/libXrandr.so.2.2.0
7f931abc1000-7f931ac32000 r-xp 00000000 b3:01 799404                     /usr/lib/libpcre.so.1.2.9
7f931ac32000-7f931ae32000 ---p 00071000 b3:01 799404                     /usr/lib/libpcre.so.1.2.9
7f931ae32000-7f931ae33000 r--p 00071000 b3:01 799404                     /usr/lib/libpcre.so.1.2.9
7f931ae33000-7f931ae34000 rw-p 00072000 b3:01 799404                     /usr/lib/libpcre.so.1.2.9
7f931ae34000-7f931ae5e000 r-xp 00000000 b3:01 812453                     /usr/lib/libgraphite2.so.3.0.1
7f931ae5e000-7f931b05d000 ---p 0002a000 b3:01 812453                     /usr/lib/libgraphite2.so.3.0.1
7f931b05d000-7f931b05f000 r--p 00029000 b3:01 812453                     /usr/lib/libgraphite2.so.3.0.1
7f931b05f000-7f931b060000 rw-p 0002b000 b3:01 812453                     /usr/lib/libgraphite2.so.3.0.1
7f931b060000-7f931b173000 r-xp 00000000 b3:01 799620                     /usr/lib/libglib-2.0.so.0.5400.3
7f931b173000-7f931b372000 ---p 00113000 b3:01 799620                     /usr/lib/libglib-2.0.so.0.5400.3
7f931b372000-7f931b373000 r--p 00112000 b3:01 799620                     /usr/lib/libglib-2.0.so.0.5400.3
7f931b373000-7f931b374000 rw-p 00113000 b3:01 799620                     /usr/lib/libglib-2.0.so.0.5400.3
7f931b374000-7f931b375000 rw-p 00000000 00:00 0 
7f931b375000-7f931b41b000 r-xp 00000000 b3:01 812458                     /usr/lib/libharfbuzz.so.0.10705.0
7f931b41b000-7f931b61a000 ---p 000a6000 b3:01 812458                     /usr/lib/libharfbuzz.so.0.10705.0
7f931b61a000-7f931b61c000 r--p 000a5000 b3:01 812458                     /usr/lib/libharfbuzz.so.0.10705.0
7f931b61c000-7f931b61d000 rw-p 000a7000 b3:01 812458                     /usr/lib/libharfbuzz.so.0.10705.0
7f931b61d000-7f931b652000 r-xp 00000000 b3:01 812315                     /usr/lib/libpng16.so.16.34.0
7f931b652000-7f931b851000 ---p 00035000 b3:01 812315                     /usr/lib/libpng16.so.16.34.0
7f931b851000-7f931b852000 r--p 00034000 b3:01 812315                     /usr/lib/libpng16.so.16.34.0
7f931b852000-7f931b853000 rw-p 00035000 b3:01 812315                     /usr/lib/libpng16.so.16.34.0
7f931b853000-7f931b862000 r-xp 00000000 b3:01 790106                     /usr/lib/libbz2.so.1.0.6
7f931b862000-7f931ba61000 ---p 0000f000 b3:01 790106                     /usr/lib/libbz2.so.1.0.6
7f931ba61000-7f931ba62000 r--p 0000e000 b3:01 790106                     /usr/lib/libbz2.so.1.0.6
7f931ba62000-7f931ba63000 rw-p 0000f000 b3:01 790106                     /usr/lib/libbz2.so.1.0.6
7f931ba63000-7f931bb24000 r-xp 00000000 b3:01 812497                     /usr/lib/libfreetype.so.6.16.0
7f931bb24000-7f931bd24000 ---p 000c1000 b3:01 812497                     /usr/lib/libfreetype.so.6.16.0
7f931bd24000-7f931bd2b000 r--p 000c1000 b3:01 812497                     /usr/lib/libfreetype.so.6.16.0
7f931bd2b000-7f931bd2c000 rw-p 000c8000 b3:01 812497                     /usr/lib/libfreetype.so.6.16.0
7f931bd2c000-7f931bdfb000 r-xp 00000000 b3:01 22898                      /usr/lib/jvm/java-9-openjdk/lib/libfontmanager.so
7f931bdfb000-7f931bffb000 ---p 000cf000 b3:01 22898                      /usr/lib/jvm/java-9-openjdk/lib/libfontmanager.so
7f931bffb000-7f931bffe000 r--p 000cf000 b3:01 22898                      /usr/lib/jvm/java-9-openjdk/lib/libfontmanager.so
7f931bffe000-7f931bfff000 rw-p 000d2000 b3:01 22898                      /usr/lib/jvm/java-9-openjdk/lib/libfontmanager.so
7f931bfff000-7f931c000000 rw-p 00000000 00:00 0 
7f931c000000-7f931c6a0000 rw-p 00000000 00:00 0 
7f931c6a0000-7f9320000000 ---p 00000000 00:00 0 
7f9320000000-7f9320021000 rw-p 00000000 00:00 0 
7f9320021000-7f9324000000 ---p 00000000 00:00 0 
7f9324000000-7f9324021000 rw-p 00000000 00:00 0 
7f9324021000-7f9328000000 ---p 00000000 00:00 0 
7f9328000000-7f932ae4b000 rw-p 00000000 00:00 0 
7f932ae4b000-7f932c000000 ---p 00000000 00:00 0 
7f932c000000-7f932c021000 rw-p 00000000 00:00 0 
7f932c021000-7f9330000000 ---p 00000000 00:00 0 
7f9330000000-7f9330021000 rw-p 00000000 00:00 0 
7f9330021000-7f9334000000 ---p 00000000 00:00 0 
7f9334000000-7f9334032000 rw-p 00000000 00:00 0 
7f9334032000-7f9338000000 ---p 00000000 00:00 0 
7f933804c000-7f933806f000 r--s 00000000 b3:01 523762                     /var/cache/fontconfig/8d4af663993b81a124ee82e610bb31f9-le64.cache-7
7f933806f000-7f933807d000 r--s 00000000 b3:01 537144                     /var/cache/fontconfig/491f45a0a771fef1c10b9b647a97fb82-le64.cache-7
7f933807d000-7f93380f8000 r--s 00000000 b3:01 524597                     /var/cache/fontconfig/17090aa38d5c6f09fb8c5c354938f1d7-le64.cache-7
7f93380f8000-7f93382f8000 rw-p 00000000 00:00 0 
7f93382f8000-7f93382fd000 r-xp 00000000 b3:01 808997                     /usr/lib/libXdmcp.so.6.0.0
7f93382fd000-7f93384fc000 ---p 00005000 b3:01 808997                     /usr/lib/libXdmcp.so.6.0.0
7f93384fc000-7f93384fd000 r--p 00004000 b3:01 808997                     /usr/lib/libXdmcp.so.6.0.0
7f93384fd000-7f93384fe000 rw-p 00005000 b3:01 808997                     /usr/lib/libXdmcp.so.6.0.0
7f93384fe000-7f9338500000 r-xp 00000000 b3:01 809011                     /usr/lib/libXau.so.6.0.0
7f9338500000-7f9338700000 ---p 00002000 b3:01 809011                     /usr/lib/libXau.so.6.0.0
7f9338700000-7f9338701000 r--p 00002000 b3:01 809011                     /usr/lib/libXau.so.6.0.0
7f9338701000-7f9338702000 rw-p 00003000 b3:01 809011                     /usr/lib/libXau.so.6.0.0
7f9338702000-7f933872a000 r-xp 00000000 b3:01 809063                     /usr/lib/libxcb.so.1.1.0
7f933872a000-7f9338929000 ---p 00028000 b3:01 809063                     /usr/lib/libxcb.so.1.1.0
7f9338929000-7f933892a000 r--p 00027000 b3:01 809063                     /usr/lib/libxcb.so.1.1.0
7f933892a000-7f933892b000 rw-p 00028000 b3:01 809063                     /usr/lib/libxcb.so.1.1.0
7f933892b000-7f933893a000 r-xp 00000000 b3:01 813208                     /usr/lib/libXi.so.6.1.0
7f933893a000-7f9338b3a000 ---p 0000f000 b3:01 813208                     /usr/lib/libXi.so.6.1.0
7f9338b3a000-7f9338b3b000 r--p 0000f000 b3:01 813208                     /usr/lib/libXi.so.6.1.0
7f9338b3b000-7f9338b3c000 rw-p 00010000 b3:01 813208                     /usr/lib/libXi.so.6.1.0
7f9338b3c000-7f9338b41000 r-xp 00000000 b3:01 813830                     /usr/lib/libXtst.so.6.1.0
7f9338b41000-7f9338d40000 ---p 00005000 b3:01 813830                     /usr/lib/libXtst.so.6.1.0
7f9338d40000-7f9338d41000 r--p 00004000 b3:01 813830                     /usr/lib/libXtst.so.6.1.0
7f9338d41000-7f9338d42000 rw-p 00005000 b3:01 813830                     /usr/lib/libXtst.so.6.1.0
7f9338d42000-7f9338d4b000 r-xp 00000000 b3:01 812324                     /usr/lib/libXrender.so.1.3.0
7f9338d4b000-7f9338f4b000 ---p 00009000 b3:01 812324                     /usr/lib/libXrender.so.1.3.0
7f9338f4b000-7f9338f4c000 r--p 00009000 b3:01 812324                     /usr/lib/libXrender.so.1.3.0
7f9338f4c000-7f9338f4d000 rw-p 0000a000 b3:01 812324                     /usr/lib/libXrender.so.1.3.0
7f9338f4d000-7f9339086000 r-xp 00000000 b3:01 812245                     /usr/lib/libX11.so.6.3.0
7f9339086000-7f9339286000 ---p 00139000 b3:01 812245                     /usr/lib/libX11.so.6.3.0
7f9339286000-7f9339287000 r--p 00139000 b3:01 812245                     /usr/lib/libX11.so.6.3.0
7f9339287000-7f933928c000 rw-p 0013a000 b3:01 812245                     /usr/lib/libX11.so.6.3.0
7f933928c000-7f933929d000 r-xp 00000000 b3:01 812441                     /usr/lib/libXext.so.6.4.0
7f933929d000-7f933949c000 ---p 00011000 b3:01 812441                     /usr/lib/libXext.so.6.4.0
7f933949c000-7f933949d000 r--p 00010000 b3:01 812441                     /usr/lib/libXext.so.6.4.0
7f933949d000-7f933949e000 rw-p 00011000 b3:01 812441                     /usr/lib/libXext.so.6.4.0
7f933949e000-7f93394fc000 r-xp 00000000 b3:01 22945                      /usr/lib/jvm/java-9-openjdk/lib/libawt_xawt.so
7f93394fc000-7f93396fc000 ---p 0005e000 b3:01 22945                      /usr/lib/jvm/java-9-openjdk/lib/libawt_xawt.so
7f93396fc000-7f93396fd000 r--p 0005e000 b3:01 22945                      /usr/lib/jvm/java-9-openjdk/lib/libawt_xawt.so
7f93396fd000-7f93396ff000 rw-p 0005f000 b3:01 22945                      /usr/lib/jvm/java-9-openjdk/lib/libawt_xawt.so
7f93396ff000-7f9339701000 rw-p 00000000 00:00 0 
7f9339701000-7f93397a2000 r-xp 00000000 b3:01 22901                      /usr/lib/jvm/java-9-openjdk/lib/libawt.so
7f93397a2000-7f93399a2000 ---p 000a1000 b3:01 22901                      /usr/lib/jvm/java-9-openjdk/lib/libawt.so
7f93399a2000-7f93399a3000 r--p 000a1000 b3:01 22901                      /usr/lib/jvm/java-9-openjdk/lib/libawt.so
7f93399a3000-7f93399ae000 rw-p 000a2000 b3:01 22901                      /usr/lib/jvm/java-9-openjdk/lib/libawt.so
7f93399ae000-7f93399d3000 rw-p 00000000 00:00 0 
7f93399d3000-7f93399d4000 ---p 00000000 00:00 0 
7f93399d4000-7f9339ad5000 rw-p 00000000 00:00 0 
7f9339ad5000-7f9339ad9000 ---p 00000000 00:00 0 
7f9339ad9000-7f9339bd6000 rw-p 00000000 00:00 0 
7f9339bd6000-7f9339bec000 r-xp 00000000 b3:01 22911                      /usr/lib/jvm/java-9-openjdk/lib/libnet.so
7f9339bec000-7f9339dec000 ---p 00016000 b3:01 22911                      /usr/lib/jvm/java-9-openjdk/lib/libnet.so
7f9339dec000-7f9339ded000 r--p 00016000 b3:01 22911                      /usr/lib/jvm/java-9-openjdk/lib/libnet.so
7f9339ded000-7f9339dee000 rw-p 00017000 b3:01 22911                      /usr/lib/jvm/java-9-openjdk/lib/libnet.so
7f9339dee000-7f9339dff000 r-xp 00000000 b3:01 22909                      /usr/lib/jvm/java-9-openjdk/lib/libnio.so
7f9339dff000-7f9339ffe000 ---p 00011000 b3:01 22909                      /usr/lib/jvm/java-9-openjdk/lib/libnio.so
7f9339ffe000-7f9339fff000 r--p 00010000 b3:01 22909                      /usr/lib/jvm/java-9-openjdk/lib/libnio.so
7f9339fff000-7f933a000000 rw-p 00011000 b3:01 22909                      /usr/lib/jvm/java-9-openjdk/lib/libnio.so
7f933a000000-7f933c000000 rwxp 00000000 00:00 0 
7f933c000000-7f933c021000 rw-p 00000000 00:00 0 
7f933c021000-7f9340000000 ---p 00000000 00:00 0 
7f9340000000-7f9340021000 rw-p 00000000 00:00 0 
7f9340021000-7f9344000000 ---p 00000000 00:00 0 
7f9344000000-7f9344036000 rw-p 00000000 00:00 0 
7f9344036000-7f9348000000 ---p 00000000 00:00 0 
7f9348000000-7f934814b000 rw-p 00000000 00:00 0 
7f934814b000-7f934c000000 ---p 00000000 00:00 0 
7f934c000000-7f934c02d000 rw-p 00000000 00:00 0 
7f934c02d000-7f9350000000 ---p 00000000 00:00 0 
7f9350000000-7f9350021000 rw-p 00000000 00:00 0 
7f9350021000-7f9354000000 ---p 00000000 00:00 0 
7f9354000000-7f9354035000 rw-p 00000000 00:00 0 
7f9354035000-7f9358000000 ---p 00000000 00:00 0 
7f9358001000-7f935807c000 r--s 00000000 b3:01 524602                     /var/cache/fontconfig/df311e82a1a24c41a75c2c930223552e-le64.cache-7
7f935807c000-7f9358080000 ---p 00000000 00:00 0 
7f9358080000-7f935817d000 rw-p 00000000 00:00 0 
7f935817d000-7f9358181000 ---p 00000000 00:00 0 
7f9358181000-7f935827e000 rw-p 00000000 00:00 0 
7f935827e000-7f9358282000 ---p 00000000 00:00 0 
7f9358282000-7f935837f000 rw-p 00000000 00:00 0 
7f935837f000-7f9358383000 ---p 00000000 00:00 0 
7f9358383000-7f9358480000 rw-p 00000000 00:00 0 
7f9358480000-7f9358484000 ---p 00000000 00:00 0 
7f9358484000-7f9358581000 rw-p 00000000 00:00 0 
7f9358581000-7f9358585000 ---p 00000000 00:00 0 
7f9358585000-7f9358682000 rw-p 00000000 00:00 0 
7f9358682000-7f9358686000 ---p 00000000 00:00 0 
7f9358686000-7f9358783000 rw-p 00000000 00:00 0 
7f9358783000-7f9358784000 ---p 00000000 00:00 0 
7f9358784000-7f9359156000 rw-p 00000000 00:00 0 
7f9359156000-7f9359358000 rw-p 00000000 00:00 0 
7f9359358000-7f9359359000 ---p 00000000 00:00 0 
7f9359359000-7f93595c2000 rw-p 00000000 00:00 0 
7f93595c2000-7f935a37a000 ---p 00000000 00:00 0 
7f935a37a000-7f935a4e2000 rw-p 00000000 00:00 0 
7f935a4e2000-7f935b29a000 ---p 00000000 00:00 0 
7f935b29a000-7f935b2c7000 rw-p 00000000 00:00 0 
7f935b2c7000-7f935b47e000 ---p 00000000 00:00 0 
7f935b47e000-7f935b4ab000 rw-p 00000000 00:00 0 
7f935b4ab000-7f935b846000 ---p 00000000 00:00 0 
7f935b846000-7f935b873000 rw-p 00000000 00:00 0 
7f935b873000-7f935ba2a000 ---p 00000000 00:00 0 
7f935ba2a000-7f935bc9a000 rwxp 00000000 00:00 0 
7f935bc9a000-7f935bfb9000 ---p 00000000 00:00 0 
7f935bfb9000-7f935c659000 rwxp 00000000 00:00 0 
7f935c659000-7f93634f1000 ---p 00000000 00:00 0 
7f93634f1000-7f93637e1000 rwxp 00000000 00:00 0 
7f93637e1000-7f936aa2a000 ---p 00000000 00:00 0 
7f936aa2a000-7f9374000000 r--s 00000000 b3:01 22937                      /usr/lib/jvm/java-9-openjdk/lib/modules
7f9374000000-7f9374494000 rw-p 00000000 00:00 0 
7f9374494000-7f9378000000 ---p 00000000 00:00 0 
7f9378002000-7f9378003000 ---p 00000000 00:00 0 
7f9378003000-7f9378104000 rw-p 00000000 00:00 0 
7f9378104000-7f9378105000 ---p 00000000 00:00 0 
7f9378105000-7f9378206000 rw-p 00000000 00:00 0 
7f9378206000-7f9378207000 ---p 00000000 00:00 0 
7f9378207000-7f9378308000 rw-p 00000000 00:00 0 
7f9378308000-7f9378309000 ---p 00000000 00:00 0 
7f9378309000-7f937860c000 rw-p 00000000 00:00 0 
7f937860c000-7f937860d000 ---p 00000000 00:00 0 
7f937860d000-7f937870e000 rw-p 00000000 00:00 0 
7f937870e000-7f937870f000 ---p 00000000 00:00 0 
7f937870f000-7f9378816000 rw-p 00000000 00:00 0 
7f9378816000-7f93788fb000 ---p 00000000 00:00 0 
7f93788fb000-7f9378909000 rw-p 00000000 00:00 0 
7f9378909000-7f93789e6000 ---p 00000000 00:00 0 
7f93789e6000-7f93789eb000 r-xp 00000000 b3:01 22910                      /usr/lib/jvm/java-9-openjdk/lib/libjimage.so
7f93789eb000-7f9378bea000 ---p 00005000 b3:01 22910                      /usr/lib/jvm/java-9-openjdk/lib/libjimage.so
7f9378bea000-7f9378beb000 r--p 00004000 b3:01 22910                      /usr/lib/jvm/java-9-openjdk/lib/libjimage.so
7f9378beb000-7f9378bec000 rw-p 00005000 b3:01 22910                      /usr/lib/jvm/java-9-openjdk/lib/libjimage.so
7f9378bec000-7f9378bf3000 r-xp 00000000 b3:01 22912                      /usr/lib/jvm/java-9-openjdk/lib/libzip.so
7f9378bf3000-7f9378df2000 ---p 00007000 b3:01 22912                      /usr/lib/jvm/java-9-openjdk/lib/libzip.so
7f9378df2000-7f9378df3000 r--p 00006000 b3:01 22912                      /usr/lib/jvm/java-9-openjdk/lib/libzip.so
7f9378df3000-7f9378df4000 rw-p 00007000 b3:01 22912                      /usr/lib/jvm/java-9-openjdk/lib/libzip.so
7f9378df4000-7f9378dff000 r-xp 00000000 b3:01 785590                     /usr/lib/libnss_files-2.26.so
7f9378dff000-7f9378ffe000 ---p 0000b000 b3:01 785590                     /usr/lib/libnss_files-2.26.so
7f9378ffe000-7f9378fff000 r--p 0000a000 b3:01 785590                     /usr/lib/libnss_files-2.26.so
7f9378fff000-7f9379000000 rw-p 0000b000 b3:01 785590                     /usr/lib/libnss_files-2.26.so
7f9379000000-7f9379006000 rw-p 00000000 00:00 0 
7f9379006000-7f9379032000 r-xp 00000000 b3:01 22913                      /usr/lib/jvm/java-9-openjdk/lib/libjava.so
7f9379032000-7f9379231000 ---p 0002c000 b3:01 22913                      /usr/lib/jvm/java-9-openjdk/lib/libjava.so
7f9379231000-7f9379232000 r--p 0002b000 b3:01 22913                      /usr/lib/jvm/java-9-openjdk/lib/libjava.so
7f9379232000-7f9379233000 rw-p 0002c000 b3:01 22913                      /usr/lib/jvm/java-9-openjdk/lib/libjava.so
7f9379233000-7f9379234000 rw-p 00000000 00:00 0 
7f9379234000-7f9379241000 r-xp 00000000 b3:01 22914                      /usr/lib/jvm/java-9-openjdk/lib/libverify.so
7f9379241000-7f9379440000 ---p 0000d000 b3:01 22914                      /usr/lib/jvm/java-9-openjdk/lib/libverify.so
7f9379440000-7f9379442000 r--p 0000c000 b3:01 22914                      /usr/lib/jvm/java-9-openjdk/lib/libverify.so
7f9379442000-7f9379443000 rw-p 0000e000 b3:01 22914                      /usr/lib/jvm/java-9-openjdk/lib/libverify.so
7f9379443000-7f937944a000 r-xp 00000000 b3:01 785576                     /usr/lib/librt-2.26.so
7f937944a000-7f9379649000 ---p 00007000 b3:01 785576                     /usr/lib/librt-2.26.so
7f9379649000-7f937964a000 r--p 00006000 b3:01 785576                     /usr/lib/librt-2.26.so
7f937964a000-7f937964b000 rw-p 00007000 b3:01 785576                     /usr/lib/librt-2.26.so
7f937964b000-7f9379661000 r-xp 00000000 b3:01 833384                     /usr/lib/libgcc_s.so.1
7f9379661000-7f9379860000 ---p 00016000 b3:01 833384                     /usr/lib/libgcc_s.so.1
7f9379860000-7f9379861000 r--p 00015000 b3:01 833384                     /usr/lib/libgcc_s.so.1
7f9379861000-7f9379862000 rw-p 00016000 b3:01 833384                     /usr/lib/libgcc_s.so.1
7f9379862000-7f93799ad000 r-xp 00000000 b3:01 785581                     /usr/lib/libm-2.26.so
7f93799ad000-7f9379bac000 ---p 0014b000 b3:01 785581                     /usr/lib/libm-2.26.so
7f9379bac000-7f9379bad000 r--p 0014a000 b3:01 785581                     /usr/lib/libm-2.26.so
7f9379bad000-7f9379bae000 rw-p 0014b000 b3:01 785581                     /usr/lib/libm-2.26.so
7f9379bae000-7f9379d26000 r-xp 00000000 b3:01 787140                     /usr/lib/libstdc++.so.6.0.24
7f9379d26000-7f9379f25000 ---p 00178000 b3:01 787140                     /usr/lib/libstdc++.so.6.0.24
7f9379f25000-7f9379f31000 r--p 00177000 b3:01 787140                     /usr/lib/libstdc++.so.6.0.24
7f9379f31000-7f9379f32000 rw-p 00183000 b3:01 787140                     /usr/lib/libstdc++.so.6.0.24
7f9379f32000-7f9379f35000 rw-p 00000000 00:00 0 
7f9379f35000-7f937aec7000 r-xp 00000000 b3:01 22939                      /usr/lib/jvm/java-9-openjdk/lib/server/libjvm.so
7f937aec7000-7f937b0c6000 ---p 00f92000 b3:01 22939                      /usr/lib/jvm/java-9-openjdk/lib/server/libjvm.so
7f937b0c6000-7f937b17e000 r--p 00f91000 b3:01 22939                      /usr/lib/jvm/java-9-openjdk/lib/server/libjvm.so
7f937b17e000-7f937b1b3000 rw-p 01049000 b3:01 22939                      /usr/lib/jvm/java-9-openjdk/lib/server/libjvm.so
7f937b1b3000-7f937b1fb000 rw-p 00000000 00:00 0 
7f937b1fb000-7f937b214000 r-xp 00000000 b3:01 785672                     /usr/lib/libpthread-2.26.so
7f937b214000-7f937b413000 ---p 00019000 b3:01 785672                     /usr/lib/libpthread-2.26.so
7f937b413000-7f937b414000 r--p 00018000 b3:01 785672                     /usr/lib/libpthread-2.26.so
7f937b414000-7f937b415000 rw-p 00019000 b3:01 785672                     /usr/lib/libpthread-2.26.so
7f937b415000-7f937b419000 rw-p 00000000 00:00 0 
7f937b419000-7f937b41c000 r-xp 00000000 b3:01 785582                     /usr/lib/libdl-2.26.so
7f937b41c000-7f937b61b000 ---p 00003000 b3:01 785582                     /usr/lib/libdl-2.26.so
7f937b61b000-7f937b61c000 r--p 00002000 b3:01 785582                     /usr/lib/libdl-2.26.so
7f937b61c000-7f937b61d000 rw-p 00003000 b3:01 785582                     /usr/lib/libdl-2.26.so
7f937b61d000-7f937b633000 r-xp 00000000 b3:01 796604                     /usr/lib/libz.so.1.2.11
7f937b633000-7f937b832000 ---p 00016000 b3:01 796604                     /usr/lib/libz.so.1.2.11
7f937b832000-7f937b833000 r--p 00015000 b3:01 796604                     /usr/lib/libz.so.1.2.11
7f937b833000-7f937b834000 rw-p 00016000 b3:01 796604                     /usr/lib/libz.so.1.2.11
7f937b834000-7f937b9e2000 r-xp 00000000 b3:01 785651                     /usr/lib/libc-2.26.so
7f937b9e2000-7f937bbe1000 ---p 001ae000 b3:01 785651                     /usr/lib/libc-2.26.so
7f937bbe1000-7f937bbe5000 r--p 001ad000 b3:01 785651                     /usr/lib/libc-2.26.so
7f937bbe5000-7f937bbe7000 rw-p 001b1000 b3:01 785651                     /usr/lib/libc-2.26.so
7f937bbe7000-7f937bbeb000 rw-p 00000000 00:00 0 
7f937bbeb000-7f937bbfa000 r-xp 00000000 b3:01 22938                      /usr/lib/jvm/java-9-openjdk/lib/jli/libjli.so
7f937bbfa000-7f937bdf9000 ---p 0000f000 b3:01 22938                      /usr/lib/jvm/java-9-openjdk/lib/jli/libjli.so
7f937bdf9000-7f937bdfa000 r--p 0000e000 b3:01 22938                      /usr/lib/jvm/java-9-openjdk/lib/jli/libjli.so
7f937bdfa000-7f937bdfb000 rw-p 0000f000 b3:01 22938                      /usr/lib/jvm/java-9-openjdk/lib/jli/libjli.so
7f937bdfb000-7f937be20000 r-xp 00000000 b3:01 785652                     /usr/lib/ld-2.26.so
7f937be23000-7f937be26000 rw-s 00000000 00:05 315195414                  /SYSV00000000 (deleted)
7f937be26000-7f937be2c000 r--s 00000000 b3:01 524882                     /var/cache/fontconfig/2dfbd8b775238e7dbb1add884f259a3a-le64.cache-7
7f937be2c000-7f937be35000 r--s 00000000 b3:01 523791                     /var/cache/fontconfig/f349e9996a5320f6dd491cedd2b1f964-le64.cache-7
7f937be35000-7f937beec000 rw-p 00000000 00:00 0 
7f937beec000-7f937beed000 ---p 00000000 00:00 0 
7f937beed000-7f937beee000 rw-p 00000000 00:00 0 
7f937beee000-7f937bef2000 ---p 00000000 00:00 0 
7f937bef2000-7f937bfef000 rw-p 00000000 00:00 0 
7f937bfef000-7f937bff1000 r--s 00000000 b3:01 540752                     /var/cache/fontconfig/6ba42ae0000f58711b5caaf10d690066-le64.cache-7
7f937bff1000-7f937bff7000 r--s 00000000 b3:01 523887                     /var/cache/fontconfig/f6b893a7224233d96cb72fd88691c0b4-le64.cache-7
7f937bff7000-7f937bffa000 r--s 00000000 b3:01 539368                     /var/cache/fontconfig/3830d5c3ddfd5cd38a049b759396e72e-le64.cache-7
7f937bffa000-7f937bffb000 r--p 00000000 b3:01 394332                     /root/.config/dconf/user
7f937bffb000-7f937bffc000 r--s 00000000 00:2d 163752                     /run/user/0/dconf/user
7f937bffc000-7f937c006000 r--p 00000000 b3:01 15252                      /usr/share/glib-2.0/schemas/gschemas.compiled
7f937c006000-7f937c00c000 rw-p 00000000 00:00 0 
7f937c00c000-7f937c013000 ---p 00000000 00:00 0 
7f937c013000-7f937c01b000 rw-s 00000000 00:28 330547                     /tmp/hsperfdata_root/9046
7f937c01b000-7f937c01c000 rw-p 00000000 00:00 0 
7f937c01c000-7f937c01d000 ---p 00000000 00:00 0 
7f937c01d000-7f937c01f000 rw-p 00000000 00:00 0 
7f937c01f000-7f937c020000 r--p 00024000 b3:01 785652                     /usr/lib/ld-2.26.so
7f937c020000-7f937c021000 rw-p 00025000 b3:01 785652                     /usr/lib/ld-2.26.so
7f937c021000-7f937c022000 rw-p 00000000 00:00 0 
7ffd23d74000-7ffd23d95000 rw-p 00000000 00:00 0                          [stack]
7ffd23dfb000-7ffd23dfe000 r--p 00000000 00:00 0                          [vvar]
7ffd23dfe000-7ffd23e00000 r-xp 00000000 00:00 0                          [vdso]

VM Arguments:
jvm_args: -Dfile.encoding=ANSI_X3.4-1968 
java_command: controller.Main
java_class_path (initial): /root/git/SDD_Dungeon_Crawl-3
Launcher Type: SUN_STANDARD

Logging:
Log output configuration:
#0: stdout all=warning uptime,level,tags
#1: stderr all=off uptime,level,tags

Environment Variables:
PATH=/usr/local/sbin:/usr/local/bin:/usr/bin:/usr/lib/jvm/default/bin:/usr/bin/site_perl:/usr/bin/vendor_perl:/usr/bin/core_perl:/root/.cargo/bin:/usr/lib/jvm/default/bin:/usr/bin/site_perl:/usr/bin/vendor_perl:/usr/bin/core_perl
SHELL=/bin/bash
DISPLAY=:0

Signal Handlers:
SIGSEGV: [libjvm.so+0xd33b50], sa_mask[0]=11111111011111111101111111111110, sa_flags=SA_RESTART|SA_SIGINFO
SIGBUS: [libjvm.so+0xd33b50], sa_mask[0]=11111111011111111101111111111110, sa_flags=SA_RESTART|SA_SIGINFO
SIGFPE: [libjvm.so+0xd33b50], sa_mask[0]=11111111011111111101111111111110, sa_flags=SA_RESTART|SA_SIGINFO
SIGPIPE: SIG_IGN, sa_mask[0]=00000000000010000000000000000000, sa_flags=SA_RESTART
SIGXFSZ: [libjvm.so+0xb360d0], sa_mask[0]=11111111011111111101111111111110, sa_flags=SA_RESTART|SA_SIGINFO
SIGILL: [libjvm.so+0xd33b50], sa_mask[0]=11111111011111111101111111111110, sa_flags=SA_RESTART|SA_SIGINFO
SIGUSR2: [libjvm.so+0xb35f60], sa_mask[0]=00100000000000000000000000000000, sa_flags=SA_RESTART|SA_SIGINFO
SIGHUP: [libjvm.so+0xb36190], sa_mask[0]=11111111011111111101111111111110, sa_flags=SA_RESTART|SA_SIGINFO
SIGINT: SIG_IGN, sa_mask[0]=00000000000000000000000000000000, sa_flags=none
SIGTERM: [libjvm.so+0xb36190], sa_mask[0]=11111111011111111101111111111110, sa_flags=SA_RESTART|SA_SIGINFO
SIGQUIT: [libjvm.so+0xb36190], sa_mask[0]=11111111011111111101111111111110, sa_flags=SA_RESTART|SA_SIGINFO


---------------  S Y S T E M  ---------------

OS:NAME="Arch Linux"
PRETTY_NAME="Arch Linux"
ID=arch
ID_LIKE=archlinux
ANSI_COLOR="0;36"
HOME_URL="https://www.archlinux.org/"
SUPPORT_URL="https://bbs.archlinux.org/"
BUG_REPORT_URL="https://bugs.archlinux.org/"
uname:Linux 4.15.6-1-ARCH #1 SMP PREEMPT Sun Feb 25 12:53:23 UTC 2018 x86_64
libc:glibc 2.26 NPTL 2.26 
rlimit: STACK 8192k, CORE infinity, NPROC 15413, NOFILE 4096, AS infinity
load average:2.54 2.49 2.19

/proc/meminfo:
MemTotal:        3958816 kB
MemFree:          109880 kB
MemAvailable:       6732 kB
Buffers:             472 kB
Cached:           109332 kB
SwapCached:            0 kB
Active:          3633920 kB
Inactive:          98868 kB
Active(anon):    3623472 kB
Inactive(anon):    87200 kB
Active(file):      10448 kB
Inactive(file):    11668 kB
Unevictable:          32 kB
Mlocked:              32 kB
SwapTotal:             0 kB
SwapFree:              0 kB
Dirty:                76 kB
Writeback:             0 kB
AnonPages:       3623052 kB
Mapped:            75784 kB
Shmem:             87652 kB
Slab:              41104 kB
SReclaimable:      20868 kB
SUnreclaim:        20236 kB
KernelStack:        6352 kB
PageTables:        23248 kB
NFS_Unstable:          0 kB
Bounce:                0 kB
WritebackTmp:          0 kB
CommitLimit:     1979408 kB
Committed_AS:    5237164 kB
VmallocTotal:   34359738367 kB
VmallocUsed:           0 kB
VmallocChunk:          0 kB
HardwareCorrupted:     0 kB
AnonHugePages:         0 kB
ShmemHugePages:        0 kB
ShmemPmdMapped:        0 kB
HugePages_Total:       0
HugePages_Free:        0
HugePages_Rsvd:        0
HugePages_Surp:        0
Hugepagesize:       2048 kB
DirectMap4k:       95600 kB
DirectMap2M:     4014080 kB


CPU:total 2 (initial active 2) (2 cores per cpu, 1 threads per core) family 6 model 55 stepping 8, cmov, cx8, fxsr, mmx, sse, sse2, sse3, ssse3, sse4.1, sse4.2, popcnt, clmul, erms, 3dnowpref, tsc, tscinvbit
CPU Model and flags from /proc/cpuinfo:
model name	: Intel(R) Celeron(R) CPU  N2840  @ 2.16GHz
flags		: fpu vme de pse tsc msr pae mce cx8 apic sep mtrr pge mca cmov pat pse36 clflush dts acpi mmx fxsr sse sse2 ss ht tm pbe syscall nx rdtscp lm constant_tsc arch_perfmon pebs bts rep_good nopl xtopology tsc_reliable nonstop_tsc cpuid aperfmperf tsc_known_freq pni pclmulqdq dtes64 monitor ds_cpl vmx est tm2 ssse3 cx16 xtpr pdcm sse4_1 sse4_2 movbe popcnt tsc_deadline_timer rdrand lahf_lm 3dnowprefetch epb pti tpr_shadow vnmi flexpriority ept vpid tsc_adjust smep erms dtherm ida arat

Memory: 4k page, physical 3958816k(109880k free), swap 0k(0k free)

vm_info: OpenJDK 64-Bit Server VM (9.0.4+11) for linux-amd64 JRE (9.0.4+11), built on Feb  3 2018 14:14:59 by "builduser" with gcc 7.3.0

END.
